-- Install configuration: ""
-- Up-to-date: /home/nourstalgie/FYP-Autonomous-Ground-Vehicles/PerceptionCorner/ws/install/traffic_cam_pkg/share/traffic_cam_pkg/launch
-- Installing: /home/nourstalgie/FYP-Autonomous-Ground-Vehicles/PerceptionCorner/ws/install/traffic_cam_pkg/share/traffic_cam_pkg/launch/traffic_detection.launch.py
-- Up-to-date: /home/nourstalgie/FYP-Autonomous-Ground-Vehicles/PerceptionCorner/ws/install/traffic_cam_pkg/share/traffic_cam_pkg/config
-- Up-to-date: /home/nourstalgie/FYP-Autonomous-Ground-Vehicles/PerceptionCorner/ws/install/traffic_cam_pkg/share/traffic_cam_pkg/config/traffic_labels.txt
-- Up-to-date: /home/nourstalgie/FYP-Autonomous-Ground-Vehicles/PerceptionCorner/ws/install/traffic_cam_pkg/share/ament_index/resource_index/package_run_dependencies/traffic_cam_pkg
-- Up-to-date: /home/nourstalgie/FYP-Autonomous-Ground-Vehicles/PerceptionCorner/ws/install/traffic_cam_pkg/share/ament_index/resource_index/parent_prefix_path/traffic_cam_pkg
-- Up-to-date: /home/nourstalgie/FYP-Autonomous-Ground-Vehicles/PerceptionCorner/ws/install/traffic_cam_pkg/share/traffic_cam_pkg/environment/ament_prefix_path.sh
-- Up-to-date: /home/nourstalgie/FYP-Autonomous-Ground-Vehicles/PerceptionCorner/ws/install/traffic_cam_pkg/share/traffic_cam_pkg/environment/ament_prefix_path.dsv
-- Up-to-date: /home/nourstalgie/FYP-Autonomous-Ground-Vehicles/PerceptionCorner/ws/install/traffic_cam_pkg/share/traffic_cam_pkg/environment/path.sh
-- Up-to-date: /home/nourstalgie/FYP-Autonomous-Ground-Vehicles/PerceptionCorner/ws/install/traffic_cam_pkg/share/traffic_cam_pkg/environment/path.dsv
-- Up-to-date: /home/nourstalgie/FYP-Autonomous-Ground-Vehicles/PerceptionCorner/ws/install/traffic_cam_pkg/share/traffic_cam_pkg/local_setup.bash
-- Up-to-date: /home/nourstalgie/FYP-Autonomous-Ground-Vehicles/PerceptionCorner/ws/install/traffic_cam_pkg/share/traffic_cam_pkg/local_setup.sh
-- Up-to-date: /home/nourstalgie/FYP-Autonomous-Ground-Vehicles/PerceptionCorner/ws/install/traffic_cam_pkg/share/traffic_cam_pkg/local_setup.zsh
-- Up-to-date: /home/nourstalgie/FYP-Autonomous-Ground-Vehicles/PerceptionCorner/ws/install/traffic_cam_pkg/share/traffic_cam_pkg/local_setup.dsv
-- Up-to-date: /home/nourstalgie/FYP-Autonomous-Ground-Vehicles/PerceptionCorner/ws/install/traffic_cam_pkg/share/traffic_cam_pkg/package.dsv
-- Up-to-date: /home/nourstalgie/FYP-Autonomous-Ground-Vehicles/PerceptionCorner/ws/install/traffic_cam_pkg/share/ament_index/resource_index/packages/traffic_cam_pkg
-- Up-to-date: /home/nourstalgie/FYP-Autonomous-Ground-Vehicles/PerceptionCorner/ws/install/traffic_cam_pkg/share/traffic_cam_pkg/cmake/traffic_cam_pkgConfig.cmake
-- Up-to-date: /home/nourstalgie/FYP-Autonomous-Ground-Vehicles/PerceptionCorner/ws/install/traffic_cam_pkg/share/traffic_cam_pkg/cmake/traffic_cam_pkgConfig-version.cmake
-- Up-to-date: /home/nourstalgie/FYP-Autonomous-Ground-Vehicles/PerceptionCorner/ws/install/traffic_cam_pkg/share/traffic_cam_pkg/package.xml
