[0.028s] Invoking command in '/home/nourstalgie/FYP-Autonomous-Ground-Vehicles/PerceptionCorner/ws/build/traffic_cam_pkg': CMAKE_PREFIX_PATH=/home/nourstalgie/FYP-Autonomous-Ground-Vehicles/PerceptionCorner/ws/install/zed_wrapper:/home/nourstalgie/FYP-Autonomous-Ground-Vehicles/PerceptionCorner/ws/install/zed_components:/home/nourstalgie/FYP-Autonomous-Ground-Vehicles/PerceptionCorner/ws/install/zed_ros2:/home/nourstalgie/FYP-Autonomous-Ground-Vehicles/PerceptionCorner/ws/install/detectnet_ros:/opt/ros/humble LD_LIBRARY_PATH=/home/nourstalgie/FYP-Autonomous-Ground-Vehicles/PerceptionCorner/ws/install/zed_components/lib:/opt/ros/humble/opt/rviz_ogre_vendor/lib:/opt/ros/humble/lib/aarch64-linux-gnu:/opt/ros/humble/lib:/usr/local/cuda-12.6/lib64 /usr/bin/cmake /home/nourstalgie/FYP-Autonomous-Ground-Vehicles/PerceptionCorner/ws/src/traffic_cam_pkg -DCMAKE_INSTALL_PREFIX=/home/nourstalgie/FYP-Autonomous-Ground-Vehicles/PerceptionCorner/ws/install/traffic_cam_pkg
[0.142s] -- The C compiler identification is GNU 11.4.0
[0.298s] -- The CXX compiler identification is GNU 11.4.0
[0.320s] -- Detecting C compiler ABI info
[0.474s] -- Detecting C compiler ABI info - done
[0.498s] -- Check for working C compiler: /usr/bin/cc - skipped
[0.499s] -- Detecting C compile features
[0.500s] -- Detecting C compile features - done
[0.513s] -- Detecting CXX compiler ABI info
[0.681s] -- Detecting CXX compiler ABI info - done
[0.707s] -- Check for working CXX compiler: /usr/bin/c++ - skipped
[0.708s] -- Detecting CXX compile features
[0.709s] -- Detecting CXX compile features - done
[0.722s] -- Found ament_cmake: 1.3.12 (/opt/ros/humble/share/ament_cmake/cmake)
[1.068s] -- Found Python3: /usr/bin/python3 (found version "3.10.12") found components: Interpreter 
[1.474s] -- Configuring done
[1.485s] -- Generating done
[1.491s] -- Build files have been written to: /home/nourstalgie/FYP-Autonomous-Ground-Vehicles/PerceptionCorner/ws/build/traffic_cam_pkg
[1.505s] Invoked command in '/home/nourstalgie/FYP-Autonomous-Ground-Vehicles/PerceptionCorner/ws/build/traffic_cam_pkg' returned '0': CMAKE_PREFIX_PATH=/home/nourstalgie/FYP-Autonomous-Ground-Vehicles/PerceptionCorner/ws/install/zed_wrapper:/home/nourstalgie/FYP-Autonomous-Ground-Vehicles/PerceptionCorner/ws/install/zed_components:/home/nourstalgie/FYP-Autonomous-Ground-Vehicles/PerceptionCorner/ws/install/zed_ros2:/home/nourstalgie/FYP-Autonomous-Ground-Vehicles/PerceptionCorner/ws/install/detectnet_ros:/opt/ros/humble LD_LIBRARY_PATH=/home/nourstalgie/FYP-Autonomous-Ground-Vehicles/PerceptionCorner/ws/install/zed_components/lib:/opt/ros/humble/opt/rviz_ogre_vendor/lib:/opt/ros/humble/lib/aarch64-linux-gnu:/opt/ros/humble/lib:/usr/local/cuda-12.6/lib64 /usr/bin/cmake /home/nourstalgie/FYP-Autonomous-Ground-Vehicles/PerceptionCorner/ws/src/traffic_cam_pkg -DCMAKE_INSTALL_PREFIX=/home/nourstalgie/FYP-Autonomous-Ground-Vehicles/PerceptionCorner/ws/install/traffic_cam_pkg
[1.510s] Invoking command in '/home/nourstalgie/FYP-Autonomous-Ground-Vehicles/PerceptionCorner/ws/build/traffic_cam_pkg': CMAKE_PREFIX_PATH=/home/nourstalgie/FYP-Autonomous-Ground-Vehicles/PerceptionCorner/ws/install/zed_wrapper:/home/nourstalgie/FYP-Autonomous-Ground-Vehicles/PerceptionCorner/ws/install/zed_components:/home/nourstalgie/FYP-Autonomous-Ground-Vehicles/PerceptionCorner/ws/install/zed_ros2:/home/nourstalgie/FYP-Autonomous-Ground-Vehicles/PerceptionCorner/ws/install/detectnet_ros:/opt/ros/humble LD_LIBRARY_PATH=/home/nourstalgie/FYP-Autonomous-Ground-Vehicles/PerceptionCorner/ws/install/zed_components/lib:/opt/ros/humble/opt/rviz_ogre_vendor/lib:/opt/ros/humble/lib/aarch64-linux-gnu:/opt/ros/humble/lib:/usr/local/cuda-12.6/lib64 /usr/bin/cmake --build /home/nourstalgie/FYP-Autonomous-Ground-Vehicles/PerceptionCorner/ws/build/traffic_cam_pkg -- -j6 -l6
[1.587s] Invoked command in '/home/nourstalgie/FYP-Autonomous-Ground-Vehicles/PerceptionCorner/ws/build/traffic_cam_pkg' returned '0': CMAKE_PREFIX_PATH=/home/nourstalgie/FYP-Autonomous-Ground-Vehicles/PerceptionCorner/ws/install/zed_wrapper:/home/nourstalgie/FYP-Autonomous-Ground-Vehicles/PerceptionCorner/ws/install/zed_components:/home/nourstalgie/FYP-Autonomous-Ground-Vehicles/PerceptionCorner/ws/install/zed_ros2:/home/nourstalgie/FYP-Autonomous-Ground-Vehicles/PerceptionCorner/ws/install/detectnet_ros:/opt/ros/humble LD_LIBRARY_PATH=/home/nourstalgie/FYP-Autonomous-Ground-Vehicles/PerceptionCorner/ws/install/zed_components/lib:/opt/ros/humble/opt/rviz_ogre_vendor/lib:/opt/ros/humble/lib/aarch64-linux-gnu:/opt/ros/humble/lib:/usr/local/cuda-12.6/lib64 /usr/bin/cmake --build /home/nourstalgie/FYP-Autonomous-Ground-Vehicles/PerceptionCorner/ws/build/traffic_cam_pkg -- -j6 -l6
[1.612s] Invoking command in '/home/nourstalgie/FYP-Autonomous-Ground-Vehicles/PerceptionCorner/ws/build/traffic_cam_pkg': CMAKE_PREFIX_PATH=/home/nourstalgie/FYP-Autonomous-Ground-Vehicles/PerceptionCorner/ws/install/zed_wrapper:/home/nourstalgie/FYP-Autonomous-Ground-Vehicles/PerceptionCorner/ws/install/zed_components:/home/nourstalgie/FYP-Autonomous-Ground-Vehicles/PerceptionCorner/ws/install/zed_ros2:/home/nourstalgie/FYP-Autonomous-Ground-Vehicles/PerceptionCorner/ws/install/detectnet_ros:/opt/ros/humble LD_LIBRARY_PATH=/home/nourstalgie/FYP-Autonomous-Ground-Vehicles/PerceptionCorner/ws/install/zed_components/lib:/opt/ros/humble/opt/rviz_ogre_vendor/lib:/opt/ros/humble/lib/aarch64-linux-gnu:/opt/ros/humble/lib:/usr/local/cuda-12.6/lib64 /usr/bin/cmake --install /home/nourstalgie/FYP-Autonomous-Ground-Vehicles/PerceptionCorner/ws/build/traffic_cam_pkg
[1.629s] -- Install configuration: ""
[1.629s] -- Installing: /home/nourstalgie/FYP-Autonomous-Ground-Vehicles/PerceptionCorner/ws/install/traffic_cam_pkg/share/traffic_cam_pkg/launch
[1.630s] -- Installing: /home/nourstalgie/FYP-Autonomous-Ground-Vehicles/PerceptionCorner/ws/install/traffic_cam_pkg/share/traffic_cam_pkg/launch/traffic_detection.launch.py
[1.630s] -- Installing: /home/nourstalgie/FYP-Autonomous-Ground-Vehicles/PerceptionCorner/ws/install/traffic_cam_pkg/share/traffic_cam_pkg/config
[1.630s] -- Installing: /home/nourstalgie/FYP-Autonomous-Ground-Vehicles/PerceptionCorner/ws/install/traffic_cam_pkg/share/traffic_cam_pkg/config/traffic_labels.txt
[1.631s] -- Installing: /home/nourstalgie/FYP-Autonomous-Ground-Vehicles/PerceptionCorner/ws/install/traffic_cam_pkg/share/ament_index/resource_index/package_run_dependencies/traffic_cam_pkg
[1.631s] -- Installing: /home/nourstalgie/FYP-Autonomous-Ground-Vehicles/PerceptionCorner/ws/install/traffic_cam_pkg/share/ament_index/resource_index/parent_prefix_path/traffic_cam_pkg
[1.631s] -- Installing: /home/nourstalgie/FYP-Autonomous-Ground-Vehicles/PerceptionCorner/ws/install/traffic_cam_pkg/share/traffic_cam_pkg/environment/ament_prefix_path.sh
[1.632s] -- Installing: /home/nourstalgie/FYP-Autonomous-Ground-Vehicles/PerceptionCorner/ws/install/traffic_cam_pkg/share/traffic_cam_pkg/environment/ament_prefix_path.dsv
[1.632s] -- Installing: /home/nourstalgie/FYP-Autonomous-Ground-Vehicles/PerceptionCorner/ws/install/traffic_cam_pkg/share/traffic_cam_pkg/environment/path.sh
[1.632s] -- Installing: /home/nourstalgie/FYP-Autonomous-Ground-Vehicles/PerceptionCorner/ws/install/traffic_cam_pkg/share/traffic_cam_pkg/environment/path.dsv
[1.633s] -- Installing: /home/nourstalgie/FYP-Autonomous-Ground-Vehicles/PerceptionCorner/ws/install/traffic_cam_pkg/share/traffic_cam_pkg/local_setup.bash
[1.633s] -- Installing: /home/nourstalgie/FYP-Autonomous-Ground-Vehicles/PerceptionCorner/ws/install/traffic_cam_pkg/share/traffic_cam_pkg/local_setup.sh
[1.633s] -- Installing: /home/nourstalgie/FYP-Autonomous-Ground-Vehicles/PerceptionCorner/ws/install/traffic_cam_pkg/share/traffic_cam_pkg/local_setup.zsh
[1.633s] -- Installing: /home/nourstalgie/FYP-Autonomous-Ground-Vehicles/PerceptionCorner/ws/install/traffic_cam_pkg/share/traffic_cam_pkg/local_setup.dsv
[1.634s] -- Installing: /home/nourstalgie/FYP-Autonomous-Ground-Vehicles/PerceptionCorner/ws/install/traffic_cam_pkg/share/traffic_cam_pkg/package.dsv
[1.634s] -- Installing: /home/nourstalgie/FYP-Autonomous-Ground-Vehicles/PerceptionCorner/ws/install/traffic_cam_pkg/share/ament_index/resource_index/packages/traffic_cam_pkg
[1.635s] -- Installing: /home/nourstalgie/FYP-Autonomous-Ground-Vehicles/PerceptionCorner/ws/install/traffic_cam_pkg/share/traffic_cam_pkg/cmake/traffic_cam_pkgConfig.cmake
[1.635s] -- Installing: /home/nourstalgie/FYP-Autonomous-Ground-Vehicles/PerceptionCorner/ws/install/traffic_cam_pkg/share/traffic_cam_pkg/cmake/traffic_cam_pkgConfig-version.cmake
[1.635s] -- Installing: /home/nourstalgie/FYP-Autonomous-Ground-Vehicles/PerceptionCorner/ws/install/traffic_cam_pkg/share/traffic_cam_pkg/package.xml
[1.640s] Invoked command in '/home/nourstalgie/FYP-Autonomous-Ground-Vehicles/PerceptionCorner/ws/build/traffic_cam_pkg' returned '0': CMAKE_PREFIX_PATH=/home/nourstalgie/FYP-Autonomous-Ground-Vehicles/PerceptionCorner/ws/install/zed_wrapper:/home/nourstalgie/FYP-Autonomous-Ground-Vehicles/PerceptionCorner/ws/install/zed_components:/home/nourstalgie/FYP-Autonomous-Ground-Vehicles/PerceptionCorner/ws/install/zed_ros2:/home/nourstalgie/FYP-Autonomous-Ground-Vehicles/PerceptionCorner/ws/install/detectnet_ros:/opt/ros/humble LD_LIBRARY_PATH=/home/nourstalgie/FYP-Autonomous-Ground-Vehicles/PerceptionCorner/ws/install/zed_components/lib:/opt/ros/humble/opt/rviz_ogre_vendor/lib:/opt/ros/humble/lib/aarch64-linux-gnu:/opt/ros/humble/lib:/usr/local/cuda-12.6/lib64 /usr/bin/cmake --install /home/nourstalgie/FYP-Autonomous-Ground-Vehicles/PerceptionCorner/ws/build/traffic_cam_pkg
