-- Found CUDA: /usr/local/cuda-12.6 (found suitable version "12.6", minimum required is "12.6") 
-- Found CUDA: /usr/local/cuda-12.6 (found version "12.6") 
-- Found ament_cmake_auto: 1.3.12 (/opt/ros/humble/share/ament_cmake_auto/cmake)
-- Override CMake install command with custom implementation using symlinks instead of copying resources
-- Found rosidl_generator_c: 3.1.8 (/opt/ros/humble/share/rosidl_generator_c/cmake)
-- Found rosidl_adapter: 3.1.8 (/opt/ros/humble/share/rosidl_adapter/cmake)
-- Found rosidl_generator_cpp: 3.1.8 (/opt/ros/humble/share/rosidl_generator_cpp/cmake)
-- Using all available rosidl_typesupport_c: rosidl_typesupport_fastrtps_c;rosidl_typesupport_introspection_c
-- Using all available rosidl_typesupport_cpp: rosidl_typesupport_fastrtps_cpp;rosidl_typesupport_introspection_cpp
-- Found rmw_implementation_cmake: 6.1.2 (/opt/ros/humble/share/rmw_implementation_cmake/cmake)
-- Found rmw_fastrtps_cpp: 6.2.9 (/opt/ros/humble/share/rmw_fastrtps_cpp/cmake)
-- Using RMW implementation 'rmw_fastrtps_cpp' as default
-- Found eigen3_cmake_module: 0.1.1 (/opt/ros/humble/share/eigen3_cmake_module/cmake)
-- Ensuring Eigen3 include directory is part of orocos-kdl CMake target
-- Found ament_lint_auto: 0.12.14 (/opt/ros/humble/share/ament_lint_auto/cmake)
-- Added test 'copyright' to check source files copyright and LICENSE
-- Added test 'cppcheck' to perform static code analysis on C / C++ code
-- Configured cppcheck include dirs: /home/nourstalgie/FYP-Autonomous-Ground-Vehicles/PerceptionCorner/ws/src/zed-ros2-wrapper/zed_components/src/include;/home/nourstalgie/FYP-Autonomous-Ground-Vehicles/PerceptionCorner/ws/src/zed-ros2-wrapper/zed_components/src/zed_camera/include;/home/nourstalgie/FYP-Autonomous-Ground-Vehicles/PerceptionCorner/ws/src/zed-ros2-wrapper/zed_components/src/tools/include
-- Configured cppcheck exclude dirs and/or files: 
-- Added test 'lint_cmake' to check CMake code style
-- Added test 'uncrustify' to check C / C++ code style
-- Configured uncrustify additional arguments: 
-- Added test 'xmllint' to check XML markup files
-- Configuring done
-- Generating done
-- Build files have been written to: /home/nourstalgie/FYP-Autonomous-Ground-Vehicles/PerceptionCorner/ws/build/zed_components
[ 60%] [32mBuilding CXX object CMakeFiles/zed_camera_one_component.dir/src/tools/src/gnss_replay.cpp.o[0m
[ 60%] [32mBuilding CXX object CMakeFiles/zed_camera_component.dir/src/tools/src/sl_win_avg.cpp.o[0m
[ 60%] [32mBuilding CXX object CMakeFiles/zed_camera_one_component.dir/src/tools/src/sl_win_avg.cpp.o[0m
[ 60%] [32mBuilding CXX object CMakeFiles/zed_camera_component.dir/src/tools/src/gnss_replay.cpp.o[0m
[ 60%] [32mBuilding CXX object CMakeFiles/zed_camera_component.dir/src/tools/src/sl_tools.cpp.o[0m
[ 60%] [32mBuilding CXX object CMakeFiles/zed_camera_one_component.dir/src/tools/src/sl_tools.cpp.o[0m
[ 70%] [32mBuilding CXX object CMakeFiles/zed_camera_one_component.dir/src/zed_camera/src/zed_camera_one_component.cpp.o[0m
[ 80%] [32mBuilding CXX object CMakeFiles/zed_camera_component.dir/src/zed_camera/src/zed_camera_component.cpp.o[0m
In file included from [01m[K/opt/ros/humble/include/rclcpp/rclcpp/logging.hpp:24[m[K,
                 from [01m[K/opt/ros/humble/include/rclcpp/rclcpp/client.hpp:40[m[K,
                 from [01m[K/opt/ros/humble/include/rclcpp/rclcpp/callback_group.hpp:24[m[K,
                 from [01m[K/opt/ros/humble/include/rclcpp/rclcpp/any_executable.hpp:20[m[K,
                 from [01m[K/opt/ros/humble/include/rclcpp/rclcpp/memory_strategy.hpp:25[m[K,
                 from [01m[K/opt/ros/humble/include/rclcpp/rclcpp/memory_strategies.hpp:18[m[K,
                 from [01m[K/opt/ros/humble/include/rclcpp/rclcpp/executor_options.hpp:20[m[K,
                 from [01m[K/opt/ros/humble/include/rclcpp/rclcpp/executor.hpp:37[m[K,
                 from [01m[K/opt/ros/humble/include/rclcpp/rclcpp/executors/multi_threaded_executor.hpp:25[m[K,
                 from [01m[K/opt/ros/humble/include/rclcpp/rclcpp/executors.hpp:21[m[K,
                 from [01m[K/opt/ros/humble/include/rclcpp/rclcpp/rclcpp.hpp:155[m[K,
                 from [01m[K/opt/ros/humble/include/tf2_ros/tf2_ros/buffer_interface.hpp:48[m[K,
                 from [01m[K/opt/ros/humble/include/tf2_ros/tf2_ros/buffer.hpp:42[m[K,
                 from [01m[K/opt/ros/humble/include/tf2_ros/tf2_ros/buffer.h:35[m[K,
                 from [01m[K/home/nourstalgie/FYP-Autonomous-Ground-Vehicles/PerceptionCorner/ws/src/zed-ros2-wrapper/zed_components/src/zed_camera/include/sl_types.hpp:18[m[K,
                 from [01m[K/home/nourstalgie/FYP-Autonomous-Ground-Vehicles/PerceptionCorner/ws/src/zed-ros2-wrapper/zed_components/src/zed_camera/include/zed_camera_component.hpp:24[m[K,
                 from [01m[K/home/nourstalgie/FYP-Autonomous-Ground-Vehicles/PerceptionCorner/ws/src/zed-ros2-wrapper/zed_components/src/zed_camera/src/zed_camera_component.cpp:15[m[K:
[01m[K/home/nourstalgie/FYP-Autonomous-Ground-Vehicles/PerceptionCorner/ws/src/zed-ros2-wrapper/zed_components/src/zed_camera/src/zed_camera_component.cpp:[m[K In member function ‘[01m[Kbool stereolabs::ZedCamera::startCamera()[m[K’:
[01m[K/home/nourstalgie/FYP-Autonomous-Ground-Vehicles/PerceptionCorner/ws/src/zed-ros2-wrapper/zed_components/src/zed_camera/src/zed_camera_component.cpp:4249:21:[m[K [01;35m[Kwarning: [m[Kformat ‘[01m[K%d[m[K’ expects argument of type ‘[01m[Kint[m[K’, but argument 5 has type ‘[01m[Ksize_t[m[K’ {aka ‘[01m[Klong unsigned int[m[K’} [[01;35m[K]8;;https://gcc.gnu.org/onlinedocs/gcc/Warning-Options.html#index-Wformat=-Wformat=]8;;[m[K]
 4249 |       get_logger(), [01;35m[K" * SVO resolution -> %dx%d"[m[K,
      |                     [01;35m[K^~~~~~~~~~~~~~~~~~~~~~~~~~~~[m[K
 4250 |       [32m[KmZed->getCameraInformation().camera_configuration.resolution.width[m[K,
      |       [32m[K~~~~~~~~~~~~~~~~~~~~~~~~~~~~~~~~~~~~~~~~~~~~~~~~~~~~~~~~~~~~~~~~~~[m[K
      |                                                                    [32m[K|[m[K
      |                                                                    [32m[Ksize_t {aka long unsigned int}[m[K
[01m[K/home/nourstalgie/FYP-Autonomous-Ground-Vehicles/PerceptionCorner/ws/src/zed-ros2-wrapper/zed_components/src/zed_camera/src/zed_camera_component.cpp:4249:44:[m[K [01;36m[Knote: [m[Kformat string is defined here
 4249 |       get_logger(), " * SVO resolution -> [01;36m[K%d[m[Kx%d",
      |                                           [01;36m[K~^[m[K
      |                                            [01;36m[K|[m[K
      |                                            [01;36m[Kint[m[K
      |                                           [32m[K%ld[m[K
In file included from [01m[K/opt/ros/humble/include/rclcpp/rclcpp/logging.hpp:24[m[K,
                 from [01m[K/opt/ros/humble/include/rclcpp/rclcpp/client.hpp:40[m[K,
                 from [01m[K/opt/ros/humble/include/rclcpp/rclcpp/callback_group.hpp:24[m[K,
                 from [01m[K/opt/ros/humble/include/rclcpp/rclcpp/any_executable.hpp:20[m[K,
                 from [01m[K/opt/ros/humble/include/rclcpp/rclcpp/memory_strategy.hpp:25[m[K,
                 from [01m[K/opt/ros/humble/include/rclcpp/rclcpp/memory_strategies.hpp:18[m[K,
                 from [01m[K/opt/ros/humble/include/rclcpp/rclcpp/executor_options.hpp:20[m[K,
                 from [01m[K/opt/ros/humble/include/rclcpp/rclcpp/executor.hpp:37[m[K,
                 from [01m[K/opt/ros/humble/include/rclcpp/rclcpp/executors/multi_threaded_executor.hpp:25[m[K,
                 from [01m[K/opt/ros/humble/include/rclcpp/rclcpp/executors.hpp:21[m[K,
                 from [01m[K/opt/ros/humble/include/rclcpp/rclcpp/rclcpp.hpp:155[m[K,
                 from [01m[K/opt/ros/humble/include/tf2_ros/tf2_ros/buffer_interface.hpp:48[m[K,
                 from [01m[K/opt/ros/humble/include/tf2_ros/tf2_ros/buffer.hpp:42[m[K,
                 from [01m[K/opt/ros/humble/include/tf2_ros/tf2_ros/buffer.h:35[m[K,
                 from [01m[K/home/nourstalgie/FYP-Autonomous-Ground-Vehicles/PerceptionCorner/ws/src/zed-ros2-wrapper/zed_components/src/zed_camera/include/sl_types.hpp:18[m[K,
                 from [01m[K/home/nourstalgie/FYP-Autonomous-Ground-Vehicles/PerceptionCorner/ws/src/zed-ros2-wrapper/zed_components/src/zed_camera/include/zed_camera_component.hpp:24[m[K,
                 from [01m[K/home/nourstalgie/FYP-Autonomous-Ground-Vehicles/PerceptionCorner/ws/src/zed-ros2-wrapper/zed_components/src/zed_camera/src/zed_camera_component.cpp:15[m[K:
[01m[K/home/nourstalgie/FYP-Autonomous-Ground-Vehicles/PerceptionCorner/ws/src/zed-ros2-wrapper/zed_components/src/zed_camera/src/zed_camera_component.cpp:4249:21:[m[K [01;35m[Kwarning: [m[Kformat ‘[01m[K%d[m[K’ expects argument of type ‘[01m[Kint[m[K’, but argument 6 has type ‘[01m[Ksize_t[m[K’ {aka ‘[01m[Klong unsigned int[m[K’} [[01;35m[K]8;;https://gcc.gnu.org/onlinedocs/gcc/Warning-Options.html#index-Wformat=-Wformat=]8;;[m[K]
 4249 |       get_logger(), [01;35m[K" * SVO resolution -> %dx%d"[m[K,
      |                     [01;35m[K^~~~~~~~~~~~~~~~~~~~~~~~~~~~[m[K
 4250 |       mZed->getCameraInformation().camera_configuration.resolution.width,
 4251 |       [32m[KmZed->getCameraInformation().camera_configuration.resolution.height[m[K);
      |       [32m[K~~~~~~~~~~~~~~~~~~~~~~~~~~~~~~~~~~~~~~~~~~~~~~~~~~~~~~~~~~~~~~~~~~~[m[K
      |                                                                    [32m[K|[m[K
      |                                                                    [32m[Ksize_t {aka long unsigned int}[m[K
[01m[K/home/nourstalgie/FYP-Autonomous-Ground-Vehicles/PerceptionCorner/ws/src/zed-ros2-wrapper/zed_components/src/zed_camera/src/zed_camera_component.cpp:4249:47:[m[K [01;36m[Knote: [m[Kformat string is defined here
 4249 |       get_logger(), " * SVO resolution -> %dx[01;36m[K%d[m[K",
      |                                              [01;36m[K~^[m[K
      |                                               [01;36m[K|[m[K
      |                                               [01;36m[Kint[m[K
      |                                              [32m[K%ld[m[K
[ 90%] [32m[1mLinking CXX shared library libzed_camera_one_component.so[0m
[ 90%] Built target zed_camera_one_component
[100%] [32m[1mLinking CXX shared library libzed_camera_component.so[0m
[100%] Built target zed_camera_component
-- Install configuration: "Release"
-- Execute custom install script
-- Symlinking: /home/nourstalgie/FYP-Autonomous-Ground-Vehicles/PerceptionCorner/ws/install/zed_components/lib/libzed_camera_component.so
-- Symlinking: /home/nourstalgie/FYP-Autonomous-Ground-Vehicles/PerceptionCorner/ws/install/zed_components/lib/libzed_camera_one_component.so
-- Symlinking: /home/nourstalgie/FYP-Autonomous-Ground-Vehicles/PerceptionCorner/ws/install/zed_components/include/zed_components//cost_traversability.hpp
-- Symlinking: /home/nourstalgie/FYP-Autonomous-Ground-Vehicles/PerceptionCorner/ws/install/zed_components/include/zed_components//sl_types.hpp
-- Symlinking: /home/nourstalgie/FYP-Autonomous-Ground-Vehicles/PerceptionCorner/ws/install/zed_components/include/zed_components//zed_camera_component.hpp
-- Symlinking: /home/nourstalgie/FYP-Autonomous-Ground-Vehicles/PerceptionCorner/ws/install/zed_components/include/zed_components//zed_camera_one_component.hpp
-- Symlinking: /home/nourstalgie/FYP-Autonomous-Ground-Vehicles/PerceptionCorner/ws/install/zed_components/include/zed_components//gnss_replay.hpp
-- Symlinking: /home/nourstalgie/FYP-Autonomous-Ground-Vehicles/PerceptionCorner/ws/install/zed_components/include/zed_components//json.hpp
-- Symlinking: /home/nourstalgie/FYP-Autonomous-Ground-Vehicles/PerceptionCorner/ws/install/zed_components/include/zed_components//sl_logging.hpp
-- Symlinking: /home/nourstalgie/FYP-Autonomous-Ground-Vehicles/PerceptionCorner/ws/install/zed_components/include/zed_components//sl_tools.hpp
-- Symlinking: /home/nourstalgie/FYP-Autonomous-Ground-Vehicles/PerceptionCorner/ws/install/zed_components/include/zed_components//sl_win_avg.hpp
-- Symlinking: /home/nourstalgie/FYP-Autonomous-Ground-Vehicles/PerceptionCorner/ws/install/zed_components/include/zed_components//visibility_control.hpp
-- Symlinking: /home/nourstalgie/FYP-Autonomous-Ground-Vehicles/PerceptionCorner/ws/install/zed_components/share/zed_components/environment/library_path.sh
-- Symlinking: /home/nourstalgie/FYP-Autonomous-Ground-Vehicles/PerceptionCorner/ws/install/zed_components/share/zed_components/environment/library_path.dsv
-- Symlinking: /home/nourstalgie/FYP-Autonomous-Ground-Vehicles/PerceptionCorner/ws/install/zed_components/share/ament_index/resource_index/package_run_dependencies/zed_components
-- Symlinking: /home/nourstalgie/FYP-Autonomous-Ground-Vehicles/PerceptionCorner/ws/install/zed_components/share/ament_index/resource_index/parent_prefix_path/zed_components
-- Symlinking: /home/nourstalgie/FYP-Autonomous-Ground-Vehicles/PerceptionCorner/ws/install/zed_components/share/zed_components/environment/ament_prefix_path.sh
-- Symlinking: /home/nourstalgie/FYP-Autonomous-Ground-Vehicles/PerceptionCorner/ws/install/zed_components/share/zed_components/environment/ament_prefix_path.dsv
-- Symlinking: /home/nourstalgie/FYP-Autonomous-Ground-Vehicles/PerceptionCorner/ws/install/zed_components/share/zed_components/environment/path.sh
-- Symlinking: /home/nourstalgie/FYP-Autonomous-Ground-Vehicles/PerceptionCorner/ws/install/zed_components/share/zed_components/environment/path.dsv
-- Symlinking: /home/nourstalgie/FYP-Autonomous-Ground-Vehicles/PerceptionCorner/ws/install/zed_components/share/zed_components/local_setup.bash
-- Symlinking: /home/nourstalgie/FYP-Autonomous-Ground-Vehicles/PerceptionCorner/ws/install/zed_components/share/zed_components/local_setup.sh
-- Symlinking: /home/nourstalgie/FYP-Autonomous-Ground-Vehicles/PerceptionCorner/ws/install/zed_components/share/zed_components/local_setup.zsh
-- Symlinking: /home/nourstalgie/FYP-Autonomous-Ground-Vehicles/PerceptionCorner/ws/install/zed_components/share/zed_components/local_setup.dsv
-- Symlinking: /home/nourstalgie/FYP-Autonomous-Ground-Vehicles/PerceptionCorner/ws/install/zed_components/share/zed_components/package.dsv
-- Symlinking: /home/nourstalgie/FYP-Autonomous-Ground-Vehicles/PerceptionCorner/ws/install/zed_components/share/ament_index/resource_index/packages/zed_components
-- Symlinking: /home/nourstalgie/FYP-Autonomous-Ground-Vehicles/PerceptionCorner/ws/install/zed_components/share/ament_index/resource_index/rclcpp_components/zed_components
-- Symlinking: /home/nourstalgie/FYP-Autonomous-Ground-Vehicles/PerceptionCorner/ws/install/zed_components/share/zed_components/cmake/ament_cmake_export_include_directories-extras.cmake
-- Symlinking: /home/nourstalgie/FYP-Autonomous-Ground-Vehicles/PerceptionCorner/ws/install/zed_components/share/zed_components/cmake/ament_cmake_export_libraries-extras.cmake
-- Symlinking: /home/nourstalgie/FYP-Autonomous-Ground-Vehicles/PerceptionCorner/ws/install/zed_components/share/zed_components/cmake/ament_cmake_export_dependencies-extras.cmake
-- Symlinking: /home/nourstalgie/FYP-Autonomous-Ground-Vehicles/PerceptionCorner/ws/install/zed_components/share/zed_components/cmake/zed_componentsConfig.cmake
-- Symlinking: /home/nourstalgie/FYP-Autonomous-Ground-Vehicles/PerceptionCorner/ws/install/zed_components/share/zed_components/cmake/zed_componentsConfig-version.cmake
-- Symlinking: /home/nourstalgie/FYP-Autonomous-Ground-Vehicles/PerceptionCorner/ws/install/zed_components/share/zed_components/package.xml
