running develop
running egg_info
creating detectnet_ros.egg-info
writing detectnet_ros.egg-info/PKG-INFO
writing dependency_links to detectnet_ros.egg-info/dependency_links.txt
writing entry points to detectnet_ros.egg-info/entry_points.txt
writing requirements to detectnet_ros.egg-info/requires.txt
writing top-level names to detectnet_ros.egg-info/top_level.txt
writing manifest file 'detectnet_ros.egg-info/SOURCES.txt'
reading manifest file 'detectnet_ros.egg-info/SOURCES.txt'
writing manifest file 'detectnet_ros.egg-info/SOURCES.txt'
running build_ext
Creating /home/nourstalgie/FYP-Autonomous-Ground-Vehicles/PerceptionCorner/ws/install/detectnet_ros/lib/python3.10/site-packages/detectnet-ros.egg-link (link to .)

Installed /home/nourstalgie/FYP-Autonomous-Ground-Vehicles/PerceptionCorner/ws/build/detectnet_ros
running symlink_data
creating /home/nourstalgie/FYP-Autonomous-Ground-Vehicles/PerceptionCorner/ws/install/detectnet_ros/share/ament_index
creating /home/nourstalgie/FYP-Autonomous-Ground-Vehicles/PerceptionCorner/ws/install/detectnet_ros/share/ament_index/resource_index
creating /home/nourstalgie/FYP-Autonomous-Ground-Vehicles/PerceptionCorner/ws/install/detectnet_ros/share/ament_index/resource_index/packages
symbolically linking /home/nourstalgie/FYP-Autonomous-Ground-Vehicles/PerceptionCorner/ws/build/detectnet_ros/resource/detectnet_ros -> /home/nourstalgie/FYP-Autonomous-Ground-Vehicles/PerceptionCorner/ws/install/detectnet_ros/share/ament_index/resource_index/packages
symbolically linking /home/nourstalgie/FYP-Autonomous-Ground-Vehicles/PerceptionCorner/ws/build/detectnet_ros/package.xml -> /home/nourstalgie/FYP-Autonomous-Ground-Vehicles/PerceptionCorner/ws/install/detectnet_ros/share/detectnet_ros
