[0.022s] Invoking command in '/home/nourstalgie/FYP-Autonomous-Ground-Vehicles/PerceptionCorner/ws/build/zed_ros2': AMENT_PREFIX_PATH=/home/nourstalgie/FYP-Autonomous-Ground-Vehicles/PerceptionCorner/ws/install/zed_wrapper:/home/nourstalgie/FYP-Autonomous-Ground-Vehicles/PerceptionCorner/ws/install/zed_components:${AMENT_PREFIX_PATH} CMAKE_PREFIX_PATH=/home/nourstalgie/FYP-Autonomous-Ground-Vehicles/PerceptionCorner/ws/install/zed_wrapper:/home/nourstalgie/FYP-Autonomous-Ground-Vehicles/PerceptionCorner/ws/install/zed_components:/opt/ros/humble LD_LIBRARY_PATH=/home/nourstalgie/FYP-Autonomous-Ground-Vehicles/PerceptionCorner/ws/install/zed_components/lib:/opt/ros/humble/opt/rviz_ogre_vendor/lib:/opt/ros/humble/lib/aarch64-linux-gnu:/opt/ros/humble/lib:/usr/local/cuda-12.6/lib64 /usr/bin/cmake /home/nourstalgie/FYP-Autonomous-Ground-Vehicles/PerceptionCorner/ws/src/zed-ros2-wrapper/zed_ros2 -DAMENT_CMAKE_SYMLINK_INSTALL=1 -DCMAKE_INSTALL_PREFIX=/home/nourstalgie/FYP-Autonomous-Ground-Vehicles/PerceptionCorner/ws/install/zed_ros2
[0.054s] -- Found ament_cmake_auto: 1.3.12 (/opt/ros/humble/share/ament_cmake_auto/cmake)
[0.428s] -- Found Python3: /usr/bin/python3 (found version "3.10.12") found components: Interpreter 
[0.576s] -- Override CMake install command with custom implementation using symlinks instead of copying resources
[0.797s] -- Found ament_lint_auto: 0.12.14 (/opt/ros/humble/share/ament_lint_auto/cmake)
[0.845s] -- Added test 'copyright' to check source files copyright and LICENSE
[0.848s] -- Added test 'lint_cmake' to check CMake code style
[0.850s] -- Added test 'xmllint' to check XML markup files
[0.854s] -- Configuring done
[0.863s] -- Generating done
[0.867s] -- Build files have been written to: /home/nourstalgie/FYP-Autonomous-Ground-Vehicles/PerceptionCorner/ws/build/zed_ros2
[0.874s] Invoked command in '/home/nourstalgie/FYP-Autonomous-Ground-Vehicles/PerceptionCorner/ws/build/zed_ros2' returned '0': AMENT_PREFIX_PATH=/home/nourstalgie/FYP-Autonomous-Ground-Vehicles/PerceptionCorner/ws/install/zed_wrapper:/home/nourstalgie/FYP-Autonomous-Ground-Vehicles/PerceptionCorner/ws/install/zed_components:${AMENT_PREFIX_PATH} CMAKE_PREFIX_PATH=/home/nourstalgie/FYP-Autonomous-Ground-Vehicles/PerceptionCorner/ws/install/zed_wrapper:/home/nourstalgie/FYP-Autonomous-Ground-Vehicles/PerceptionCorner/ws/install/zed_components:/opt/ros/humble LD_LIBRARY_PATH=/home/nourstalgie/FYP-Autonomous-Ground-Vehicles/PerceptionCorner/ws/install/zed_components/lib:/opt/ros/humble/opt/rviz_ogre_vendor/lib:/opt/ros/humble/lib/aarch64-linux-gnu:/opt/ros/humble/lib:/usr/local/cuda-12.6/lib64 /usr/bin/cmake /home/nourstalgie/FYP-Autonomous-Ground-Vehicles/PerceptionCorner/ws/src/zed-ros2-wrapper/zed_ros2 -DAMENT_CMAKE_SYMLINK_INSTALL=1 -DCMAKE_INSTALL_PREFIX=/home/nourstalgie/FYP-Autonomous-Ground-Vehicles/PerceptionCorner/ws/install/zed_ros2
[0.878s] Invoking command in '/home/nourstalgie/FYP-Autonomous-Ground-Vehicles/PerceptionCorner/ws/build/zed_ros2': AMENT_PREFIX_PATH=/home/nourstalgie/FYP-Autonomous-Ground-Vehicles/PerceptionCorner/ws/install/zed_wrapper:/home/nourstalgie/FYP-Autonomous-Ground-Vehicles/PerceptionCorner/ws/install/zed_components:${AMENT_PREFIX_PATH} CMAKE_PREFIX_PATH=/home/nourstalgie/FYP-Autonomous-Ground-Vehicles/PerceptionCorner/ws/install/zed_wrapper:/home/nourstalgie/FYP-Autonomous-Ground-Vehicles/PerceptionCorner/ws/install/zed_components:/opt/ros/humble LD_LIBRARY_PATH=/home/nourstalgie/FYP-Autonomous-Ground-Vehicles/PerceptionCorner/ws/install/zed_components/lib:/opt/ros/humble/opt/rviz_ogre_vendor/lib:/opt/ros/humble/lib/aarch64-linux-gnu:/opt/ros/humble/lib:/usr/local/cuda-12.6/lib64 /usr/bin/cmake --build /home/nourstalgie/FYP-Autonomous-Ground-Vehicles/PerceptionCorner/ws/build/zed_ros2 -- -j6 -l6
[0.956s] Invoked command in '/home/nourstalgie/FYP-Autonomous-Ground-Vehicles/PerceptionCorner/ws/build/zed_ros2' returned '0': AMENT_PREFIX_PATH=/home/nourstalgie/FYP-Autonomous-Ground-Vehicles/PerceptionCorner/ws/install/zed_wrapper:/home/nourstalgie/FYP-Autonomous-Ground-Vehicles/PerceptionCorner/ws/install/zed_components:${AMENT_PREFIX_PATH} CMAKE_PREFIX_PATH=/home/nourstalgie/FYP-Autonomous-Ground-Vehicles/PerceptionCorner/ws/install/zed_wrapper:/home/nourstalgie/FYP-Autonomous-Ground-Vehicles/PerceptionCorner/ws/install/zed_components:/opt/ros/humble LD_LIBRARY_PATH=/home/nourstalgie/FYP-Autonomous-Ground-Vehicles/PerceptionCorner/ws/install/zed_components/lib:/opt/ros/humble/opt/rviz_ogre_vendor/lib:/opt/ros/humble/lib/aarch64-linux-gnu:/opt/ros/humble/lib:/usr/local/cuda-12.6/lib64 /usr/bin/cmake --build /home/nourstalgie/FYP-Autonomous-Ground-Vehicles/PerceptionCorner/ws/build/zed_ros2 -- -j6 -l6
[0.960s] Invoking command in '/home/nourstalgie/FYP-Autonomous-Ground-Vehicles/PerceptionCorner/ws/build/zed_ros2': AMENT_PREFIX_PATH=/home/nourstalgie/FYP-Autonomous-Ground-Vehicles/PerceptionCorner/ws/install/zed_wrapper:/home/nourstalgie/FYP-Autonomous-Ground-Vehicles/PerceptionCorner/ws/install/zed_components:${AMENT_PREFIX_PATH} CMAKE_PREFIX_PATH=/home/nourstalgie/FYP-Autonomous-Ground-Vehicles/PerceptionCorner/ws/install/zed_wrapper:/home/nourstalgie/FYP-Autonomous-Ground-Vehicles/PerceptionCorner/ws/install/zed_components:/opt/ros/humble LD_LIBRARY_PATH=/home/nourstalgie/FYP-Autonomous-Ground-Vehicles/PerceptionCorner/ws/install/zed_components/lib:/opt/ros/humble/opt/rviz_ogre_vendor/lib:/opt/ros/humble/lib/aarch64-linux-gnu:/opt/ros/humble/lib:/usr/local/cuda-12.6/lib64 /usr/bin/cmake --install /home/nourstalgie/FYP-Autonomous-Ground-Vehicles/PerceptionCorner/ws/build/zed_ros2
[0.977s] -- Install configuration: ""
[0.978s] -- Execute custom install script
[0.978s] -- Symlinking: /home/nourstalgie/FYP-Autonomous-Ground-Vehicles/PerceptionCorner/ws/install/zed_ros2/share/ament_index/resource_index/package_run_dependencies/zed_ros2
[0.997s] -- Symlinking: /home/nourstalgie/FYP-Autonomous-Ground-Vehicles/PerceptionCorner/ws/install/zed_ros2/share/ament_index/resource_index/parent_prefix_path/zed_ros2
[1.015s] -- Symlinking: /home/nourstalgie/FYP-Autonomous-Ground-Vehicles/PerceptionCorner/ws/install/zed_ros2/share/zed_ros2/environment/ament_prefix_path.sh
[1.033s] -- Symlinking: /home/nourstalgie/FYP-Autonomous-Ground-Vehicles/PerceptionCorner/ws/install/zed_ros2/share/zed_ros2/environment/ament_prefix_path.dsv
[1.051s] -- Symlinking: /home/nourstalgie/FYP-Autonomous-Ground-Vehicles/PerceptionCorner/ws/install/zed_ros2/share/zed_ros2/environment/path.sh
[1.069s] -- Symlinking: /home/nourstalgie/FYP-Autonomous-Ground-Vehicles/PerceptionCorner/ws/install/zed_ros2/share/zed_ros2/environment/path.dsv
[1.088s] -- Symlinking: /home/nourstalgie/FYP-Autonomous-Ground-Vehicles/PerceptionCorner/ws/install/zed_ros2/share/zed_ros2/local_setup.bash
[1.106s] -- Symlinking: /home/nourstalgie/FYP-Autonomous-Ground-Vehicles/PerceptionCorner/ws/install/zed_ros2/share/zed_ros2/local_setup.sh
[1.125s] -- Symlinking: /home/nourstalgie/FYP-Autonomous-Ground-Vehicles/PerceptionCorner/ws/install/zed_ros2/share/zed_ros2/local_setup.zsh
[1.144s] -- Symlinking: /home/nourstalgie/FYP-Autonomous-Ground-Vehicles/PerceptionCorner/ws/install/zed_ros2/share/zed_ros2/local_setup.dsv
[1.162s] -- Symlinking: /home/nourstalgie/FYP-Autonomous-Ground-Vehicles/PerceptionCorner/ws/install/zed_ros2/share/zed_ros2/package.dsv
[1.182s] -- Symlinking: /home/nourstalgie/FYP-Autonomous-Ground-Vehicles/PerceptionCorner/ws/install/zed_ros2/share/ament_index/resource_index/packages/zed_ros2
[1.203s] -- Symlinking: /home/nourstalgie/FYP-Autonomous-Ground-Vehicles/PerceptionCorner/ws/install/zed_ros2/share/zed_ros2/cmake/zed_ros2Config.cmake
[1.220s] -- Symlinking: /home/nourstalgie/FYP-Autonomous-Ground-Vehicles/PerceptionCorner/ws/install/zed_ros2/share/zed_ros2/cmake/zed_ros2Config-version.cmake
[1.238s] -- Symlinking: /home/nourstalgie/FYP-Autonomous-Ground-Vehicles/PerceptionCorner/ws/install/zed_ros2/share/zed_ros2/package.xml
[1.263s] Invoked command in '/home/nourstalgie/FYP-Autonomous-Ground-Vehicles/PerceptionCorner/ws/build/zed_ros2' returned '0': AMENT_PREFIX_PATH=/home/nourstalgie/FYP-Autonomous-Ground-Vehicles/PerceptionCorner/ws/install/zed_wrapper:/home/nourstalgie/FYP-Autonomous-Ground-Vehicles/PerceptionCorner/ws/install/zed_components:${AMENT_PREFIX_PATH} CMAKE_PREFIX_PATH=/home/nourstalgie/FYP-Autonomous-Ground-Vehicles/PerceptionCorner/ws/install/zed_wrapper:/home/nourstalgie/FYP-Autonomous-Ground-Vehicles/PerceptionCorner/ws/install/zed_components:/opt/ros/humble LD_LIBRARY_PATH=/home/nourstalgie/FYP-Autonomous-Ground-Vehicles/PerceptionCorner/ws/install/zed_components/lib:/opt/ros/humble/opt/rviz_ogre_vendor/lib:/opt/ros/humble/lib/aarch64-linux-gnu:/opt/ros/humble/lib:/usr/local/cuda-12.6/lib64 /usr/bin/cmake --install /home/nourstalgie/FYP-Autonomous-Ground-Vehicles/PerceptionCorner/ws/build/zed_ros2
