[0.252s] DEBUG:colcon:Command line arguments: ['/usr/bin/colcon', 'build', '--symlink-install']
[0.252s] DEBUG:colcon:Parsed command line arguments: Namespace(log_base=None, log_level=None, verb_name='build', build_base='build', install_base='install', merge_install=False, symlink_install=True, test_result_base=None, continue_on_error=False, executor='parallel', parallel_workers=6, event_handlers=None, ignore_user_meta=False, metas=['./colcon.meta'], base_paths=['.'], packages_ignore=None, packages_ignore_regex=None, paths=None, packages_up_to=None, packages_up_to_regex=None, packages_above=None, packages_above_and_dependencies=None, packages_above_depth=None, packages_select_by_dep=None, packages_skip_by_dep=None, packages_skip_up_to=None, packages_select_build_failed=False, packages_skip_build_finished=False, packages_select_test_failures=False, packages_skip_test_passed=False, packages_select=None, packages_skip=None, packages_select_regex=None, packages_skip_regex=None, packages_start=None, packages_end=None, allow_overriding=[], cmake_args=None, cmake_target=None, cmake_target_skip_unavailable=False, cmake_clean_cache=False, cmake_clean_first=False, cmake_force_configure=False, ament_cmake_args=None, catkin_cmake_args=None, catkin_skip_building_tests=False, mixin_files=None, mixin=None, verb_parser=<colcon_mixin.mixin.mixin_argument.MixinArgumentDecorator object at 0xffffb18a5960>, verb_extension=<colcon_core.verb.build.BuildVerb object at 0xffffb18a5390>, main=<bound method BuildVerb.main of <colcon_core.verb.build.BuildVerb object at 0xffffb18a5390>>, mixin_verb=('build',))
[0.641s] Level 1:colcon.colcon_core.package_discovery:discover_packages(colcon_meta) check parameters
[0.641s] Level 1:colcon.colcon_core.package_discovery:discover_packages(recursive) check parameters
[0.649s] Level 1:colcon.colcon_core.package_discovery:discover_packages(ignore) check parameters
[0.649s] Level 1:colcon.colcon_core.package_discovery:discover_packages(path) check parameters
[0.649s] Level 1:colcon.colcon_core.package_discovery:discover_packages(colcon_meta) discover
[0.649s] Level 1:colcon.colcon_core.package_discovery:discover_packages(recursive) discover
[0.649s] INFO:colcon.colcon_core.package_discovery:Crawling recursively for packages in '/home/nourstalgie/FYP-Autonomous-Ground-Vehicles/PerceptionCorner/ws'
[0.649s] Level 1:colcon.colcon_core.package_identification:_identify(.) by extensions ['ignore', 'ignore_ament_install']
[0.650s] Level 1:colcon.colcon_core.package_identification:_identify(.) by extension 'ignore'
[0.650s] Level 1:colcon.colcon_core.package_identification:_identify(.) by extension 'ignore_ament_install'
[0.650s] Level 1:colcon.colcon_core.package_identification:_identify(.) by extensions ['colcon_pkg']
[0.650s] Level 1:colcon.colcon_core.package_identification:_identify(.) by extension 'colcon_pkg'
[0.650s] Level 1:colcon.colcon_core.package_identification:_identify(.) by extensions ['colcon_meta']
[0.650s] Level 1:colcon.colcon_core.package_identification:_identify(.) by extension 'colcon_meta'
[0.650s] Level 1:colcon.colcon_core.package_identification:_identify(.) by extensions ['ros']
[0.650s] Level 1:colcon.colcon_core.package_identification:_identify(.) by extension 'ros'
[0.674s] Level 1:colcon.colcon_core.package_identification:_identify(.) by extensions ['cmake', 'python']
[0.675s] Level 1:colcon.colcon_core.package_identification:_identify(.) by extension 'cmake'
[0.675s] Level 1:colcon.colcon_core.package_identification:_identify(.) by extension 'python'
[0.675s] Level 1:colcon.colcon_core.package_identification:_identify(.) by extensions ['python_setup_py']
[0.675s] Level 1:colcon.colcon_core.package_identification:_identify(.) by extension 'python_setup_py'
[0.675s] Level 1:colcon.colcon_core.package_identification:_identify(build) by extensions ['ignore', 'ignore_ament_install']
[0.676s] Level 1:colcon.colcon_core.package_identification:_identify(build) by extension 'ignore'
[0.676s] Level 1:colcon.colcon_core.package_identification:_identify(build) ignored
[0.676s] Level 1:colcon.colcon_core.package_identification:_identify(install) by extensions ['ignore', 'ignore_ament_install']
[0.676s] Level 1:colcon.colcon_core.package_identification:_identify(install) by extension 'ignore'
[0.676s] Level 1:colcon.colcon_core.package_identification:_identify(install) ignored
[0.677s] Level 1:colcon.colcon_core.package_identification:_identify(log) by extensions ['ignore', 'ignore_ament_install']
[0.677s] Level 1:colcon.colcon_core.package_identification:_identify(log) by extension 'ignore'
[0.677s] Level 1:colcon.colcon_core.package_identification:_identify(log) ignored
[0.677s] Level 1:colcon.colcon_core.package_identification:_identify(src) by extensions ['ignore', 'ignore_ament_install']
[0.677s] Level 1:colcon.colcon_core.package_identification:_identify(src) by extension 'ignore'
[0.677s] Level 1:colcon.colcon_core.package_identification:_identify(src) by extension 'ignore_ament_install'
[0.678s] Level 1:colcon.colcon_core.package_identification:_identify(src) by extensions ['colcon_pkg']
[0.678s] Level 1:colcon.colcon_core.package_identification:_identify(src) by extension 'colcon_pkg'
[0.678s] Level 1:colcon.colcon_core.package_identification:_identify(src) by extensions ['colcon_meta']
[0.678s] Level 1:colcon.colcon_core.package_identification:_identify(src) by extension 'colcon_meta'
[0.678s] Level 1:colcon.colcon_core.package_identification:_identify(src) by extensions ['ros']
[0.678s] Level 1:colcon.colcon_core.package_identification:_identify(src) by extension 'ros'
[0.678s] Level 1:colcon.colcon_core.package_identification:_identify(src) by extensions ['cmake', 'python']
[0.678s] Level 1:colcon.colcon_core.package_identification:_identify(src) by extension 'cmake'
[0.678s] Level 1:colcon.colcon_core.package_identification:_identify(src) by extension 'python'
[0.679s] Level 1:colcon.colcon_core.package_identification:_identify(src) by extensions ['python_setup_py']
[0.679s] Level 1:colcon.colcon_core.package_identification:_identify(src) by extension 'python_setup_py'
[0.679s] Level 1:colcon.colcon_core.package_identification:_identify(src/zed-ros2-wrapper) by extensions ['ignore', 'ignore_ament_install']
[0.679s] Level 1:colcon.colcon_core.package_identification:_identify(src/zed-ros2-wrapper) by extension 'ignore'
[0.679s] Level 1:colcon.colcon_core.package_identification:_identify(src/zed-ros2-wrapper) by extension 'ignore_ament_install'
[0.679s] Level 1:colcon.colcon_core.package_identification:_identify(src/zed-ros2-wrapper) by extensions ['colcon_pkg']
[0.679s] Level 1:colcon.colcon_core.package_identification:_identify(src/zed-ros2-wrapper) by extension 'colcon_pkg'
[0.679s] Level 1:colcon.colcon_core.package_identification:_identify(src/zed-ros2-wrapper) by extensions ['colcon_meta']
[0.680s] Level 1:colcon.colcon_core.package_identification:_identify(src/zed-ros2-wrapper) by extension 'colcon_meta'
[0.680s] Level 1:colcon.colcon_core.package_identification:_identify(src/zed-ros2-wrapper) by extensions ['ros']
[0.680s] Level 1:colcon.colcon_core.package_identification:_identify(src/zed-ros2-wrapper) by extension 'ros'
[0.680s] Level 1:colcon.colcon_core.package_identification:_identify(src/zed-ros2-wrapper) by extensions ['cmake', 'python']
[0.680s] Level 1:colcon.colcon_core.package_identification:_identify(src/zed-ros2-wrapper) by extension 'cmake'
[0.680s] Level 1:colcon.colcon_core.package_identification:_identify(src/zed-ros2-wrapper) by extension 'python'
[0.680s] Level 1:colcon.colcon_core.package_identification:_identify(src/zed-ros2-wrapper) by extensions ['python_setup_py']
[0.680s] Level 1:colcon.colcon_core.package_identification:_identify(src/zed-ros2-wrapper) by extension 'python_setup_py'
[0.680s] Level 1:colcon.colcon_core.package_identification:_identify(src/zed-ros2-wrapper/docker) by extensions ['ignore', 'ignore_ament_install']
[0.681s] Level 1:colcon.colcon_core.package_identification:_identify(src/zed-ros2-wrapper/docker) by extension 'ignore'
[0.681s] Level 1:colcon.colcon_core.package_identification:_identify(src/zed-ros2-wrapper/docker) by extension 'ignore_ament_install'
[0.681s] Level 1:colcon.colcon_core.package_identification:_identify(src/zed-ros2-wrapper/docker) by extensions ['colcon_pkg']
[0.681s] Level 1:colcon.colcon_core.package_identification:_identify(src/zed-ros2-wrapper/docker) by extension 'colcon_pkg'
[0.681s] Level 1:colcon.colcon_core.package_identification:_identify(src/zed-ros2-wrapper/docker) by extensions ['colcon_meta']
[0.681s] Level 1:colcon.colcon_core.package_identification:_identify(src/zed-ros2-wrapper/docker) by extension 'colcon_meta'
[0.681s] Level 1:colcon.colcon_core.package_identification:_identify(src/zed-ros2-wrapper/docker) by extensions ['ros']
[0.681s] Level 1:colcon.colcon_core.package_identification:_identify(src/zed-ros2-wrapper/docker) by extension 'ros'
[0.682s] Level 1:colcon.colcon_core.package_identification:_identify(src/zed-ros2-wrapper/docker) by extensions ['cmake', 'python']
[0.682s] Level 1:colcon.colcon_core.package_identification:_identify(src/zed-ros2-wrapper/docker) by extension 'cmake'
[0.682s] Level 1:colcon.colcon_core.package_identification:_identify(src/zed-ros2-wrapper/docker) by extension 'python'
[0.682s] Level 1:colcon.colcon_core.package_identification:_identify(src/zed-ros2-wrapper/docker) by extensions ['python_setup_py']
[0.682s] Level 1:colcon.colcon_core.package_identification:_identify(src/zed-ros2-wrapper/docker) by extension 'python_setup_py'
[0.682s] Level 1:colcon.colcon_core.package_identification:_identify(src/zed-ros2-wrapper/images) by extensions ['ignore', 'ignore_ament_install']
[0.682s] Level 1:colcon.colcon_core.package_identification:_identify(src/zed-ros2-wrapper/images) by extension 'ignore'
[0.682s] Level 1:colcon.colcon_core.package_identification:_identify(src/zed-ros2-wrapper/images) by extension 'ignore_ament_install'
[0.683s] Level 1:colcon.colcon_core.package_identification:_identify(src/zed-ros2-wrapper/images) by extensions ['colcon_pkg']
[0.683s] Level 1:colcon.colcon_core.package_identification:_identify(src/zed-ros2-wrapper/images) by extension 'colcon_pkg'
[0.683s] Level 1:colcon.colcon_core.package_identification:_identify(src/zed-ros2-wrapper/images) by extensions ['colcon_meta']
[0.683s] Level 1:colcon.colcon_core.package_identification:_identify(src/zed-ros2-wrapper/images) by extension 'colcon_meta'
[0.683s] Level 1:colcon.colcon_core.package_identification:_identify(src/zed-ros2-wrapper/images) by extensions ['ros']
[0.683s] Level 1:colcon.colcon_core.package_identification:_identify(src/zed-ros2-wrapper/images) by extension 'ros'
[0.683s] Level 1:colcon.colcon_core.package_identification:_identify(src/zed-ros2-wrapper/images) by extensions ['cmake', 'python']
[0.683s] Level 1:colcon.colcon_core.package_identification:_identify(src/zed-ros2-wrapper/images) by extension 'cmake'
[0.683s] Level 1:colcon.colcon_core.package_identification:_identify(src/zed-ros2-wrapper/images) by extension 'python'
[0.684s] Level 1:colcon.colcon_core.package_identification:_identify(src/zed-ros2-wrapper/images) by extensions ['python_setup_py']
[0.684s] Level 1:colcon.colcon_core.package_identification:_identify(src/zed-ros2-wrapper/images) by extension 'python_setup_py'
[0.684s] Level 1:colcon.colcon_core.package_identification:_identify(src/zed-ros2-wrapper/zed_components) by extensions ['ignore', 'ignore_ament_install']
[0.684s] Level 1:colcon.colcon_core.package_identification:_identify(src/zed-ros2-wrapper/zed_components) by extension 'ignore'
[0.684s] Level 1:colcon.colcon_core.package_identification:_identify(src/zed-ros2-wrapper/zed_components) by extension 'ignore_ament_install'
[0.684s] Level 1:colcon.colcon_core.package_identification:_identify(src/zed-ros2-wrapper/zed_components) by extensions ['colcon_pkg']
[0.684s] Level 1:colcon.colcon_core.package_identification:_identify(src/zed-ros2-wrapper/zed_components) by extension 'colcon_pkg'
[0.684s] Level 1:colcon.colcon_core.package_identification:_identify(src/zed-ros2-wrapper/zed_components) by extensions ['colcon_meta']
[0.684s] Level 1:colcon.colcon_core.package_identification:_identify(src/zed-ros2-wrapper/zed_components) by extension 'colcon_meta'
[0.685s] Level 1:colcon.colcon_core.package_identification:_identify(src/zed-ros2-wrapper/zed_components) by extensions ['ros']
[0.685s] Level 1:colcon.colcon_core.package_identification:_identify(src/zed-ros2-wrapper/zed_components) by extension 'ros'
[0.692s] DEBUG:colcon.colcon_core.package_identification:Package 'src/zed-ros2-wrapper/zed_components' with type 'ros.ament_cmake' and name 'zed_components'
[0.692s] Level 1:colcon.colcon_core.package_identification:_identify(src/zed-ros2-wrapper/zed_ros2) by extensions ['ignore', 'ignore_ament_install']
[0.692s] Level 1:colcon.colcon_core.package_identification:_identify(src/zed-ros2-wrapper/zed_ros2) by extension 'ignore'
[0.693s] Level 1:colcon.colcon_core.package_identification:_identify(src/zed-ros2-wrapper/zed_ros2) by extension 'ignore_ament_install'
[0.693s] Level 1:colcon.colcon_core.package_identification:_identify(src/zed-ros2-wrapper/zed_ros2) by extensions ['colcon_pkg']
[0.693s] Level 1:colcon.colcon_core.package_identification:_identify(src/zed-ros2-wrapper/zed_ros2) by extension 'colcon_pkg'
[0.693s] Level 1:colcon.colcon_core.package_identification:_identify(src/zed-ros2-wrapper/zed_ros2) by extensions ['colcon_meta']
[0.693s] Level 1:colcon.colcon_core.package_identification:_identify(src/zed-ros2-wrapper/zed_ros2) by extension 'colcon_meta'
[0.693s] Level 1:colcon.colcon_core.package_identification:_identify(src/zed-ros2-wrapper/zed_ros2) by extensions ['ros']
[0.693s] Level 1:colcon.colcon_core.package_identification:_identify(src/zed-ros2-wrapper/zed_ros2) by extension 'ros'
[0.695s] DEBUG:colcon.colcon_core.package_identification:Package 'src/zed-ros2-wrapper/zed_ros2' with type 'ros.ament_cmake' and name 'zed_ros2'
[0.695s] Level 1:colcon.colcon_core.package_identification:_identify(src/zed-ros2-wrapper/zed_wrapper) by extensions ['ignore', 'ignore_ament_install']
[0.695s] Level 1:colcon.colcon_core.package_identification:_identify(src/zed-ros2-wrapper/zed_wrapper) by extension 'ignore'
[0.695s] Level 1:colcon.colcon_core.package_identification:_identify(src/zed-ros2-wrapper/zed_wrapper) by extension 'ignore_ament_install'
[0.695s] Level 1:colcon.colcon_core.package_identification:_identify(src/zed-ros2-wrapper/zed_wrapper) by extensions ['colcon_pkg']
[0.695s] Level 1:colcon.colcon_core.package_identification:_identify(src/zed-ros2-wrapper/zed_wrapper) by extension 'colcon_pkg'
[0.695s] Level 1:colcon.colcon_core.package_identification:_identify(src/zed-ros2-wrapper/zed_wrapper) by extensions ['colcon_meta']
[0.696s] Level 1:colcon.colcon_core.package_identification:_identify(src/zed-ros2-wrapper/zed_wrapper) by extension 'colcon_meta'
[0.696s] Level 1:colcon.colcon_core.package_identification:_identify(src/zed-ros2-wrapper/zed_wrapper) by extensions ['ros']
[0.696s] Level 1:colcon.colcon_core.package_identification:_identify(src/zed-ros2-wrapper/zed_wrapper) by extension 'ros'
[0.698s] DEBUG:colcon.colcon_core.package_identification:Package 'src/zed-ros2-wrapper/zed_wrapper' with type 'ros.ament_cmake' and name 'zed_wrapper'
[0.698s] Level 1:colcon.colcon_core.package_discovery:discover_packages(recursive) using defaults
[0.698s] Level 1:colcon.colcon_core.package_discovery:discover_packages(ignore) discover
[0.698s] Level 1:colcon.colcon_core.package_discovery:discover_packages(ignore) using defaults
[0.698s] Level 1:colcon.colcon_core.package_discovery:discover_packages(path) discover
[0.698s] Level 1:colcon.colcon_core.package_discovery:discover_packages(path) using defaults
[0.774s] Level 1:colcon.colcon_core.package_discovery:discover_packages(prefix_path) check parameters
[0.774s] Level 1:colcon.colcon_core.package_discovery:discover_packages(prefix_path) discover
[0.778s] DEBUG:colcon.colcon_installed_package_information.package_discovery:Found 1 installed packages in /home/nourstalgie/FYP-Autonomous-Ground-Vehicles/PerceptionCorner/ws/install
[0.781s] DEBUG:colcon.colcon_installed_package_information.package_discovery:Found 292 installed packages in /opt/ros/humble
[0.784s] Level 1:colcon.colcon_core.package_discovery:discover_packages(prefix_path) using defaults
[0.872s] Level 5:colcon.colcon_core.verb:set package 'zed_components' build argument 'cmake_args' from command line to 'None'
[0.872s] Level 5:colcon.colcon_core.verb:set package 'zed_components' build argument 'cmake_target' from command line to 'None'
[0.872s] Level 5:colcon.colcon_core.verb:set package 'zed_components' build argument 'cmake_target_skip_unavailable' from command line to 'False'
[0.872s] Level 5:colcon.colcon_core.verb:set package 'zed_components' build argument 'cmake_clean_cache' from command line to 'False'
[0.872s] Level 5:colcon.colcon_core.verb:set package 'zed_components' build argument 'cmake_clean_first' from command line to 'False'
[0.872s] Level 5:colcon.colcon_core.verb:set package 'zed_components' build argument 'cmake_force_configure' from command line to 'False'
[0.872s] Level 5:colcon.colcon_core.verb:set package 'zed_components' build argument 'ament_cmake_args' from command line to 'None'
[0.872s] Level 5:colcon.colcon_core.verb:set package 'zed_components' build argument 'catkin_cmake_args' from command line to 'None'
[0.873s] Level 5:colcon.colcon_core.verb:set package 'zed_components' build argument 'catkin_skip_building_tests' from command line to 'False'
[0.873s] DEBUG:colcon.colcon_core.verb:Building package 'zed_components' with the following arguments: {'ament_cmake_args': None, 'build_base': '/home/nourstalgie/FYP-Autonomous-Ground-Vehicles/PerceptionCorner/ws/build/zed_components', 'catkin_cmake_args': None, 'catkin_skip_building_tests': False, 'cmake_args': None, 'cmake_clean_cache': False, 'cmake_clean_first': False, 'cmake_force_configure': False, 'cmake_target': None, 'cmake_target_skip_unavailable': False, 'install_base': '/home/nourstalgie/FYP-Autonomous-Ground-Vehicles/PerceptionCorner/ws/install/zed_components', 'merge_install': False, 'path': '/home/nourstalgie/FYP-Autonomous-Ground-Vehicles/PerceptionCorner/ws/src/zed-ros2-wrapper/zed_components', 'symlink_install': True, 'test_result_base': None}
[0.873s] Level 5:colcon.colcon_core.verb:set package 'zed_wrapper' build argument 'cmake_args' from command line to 'None'
[0.873s] Level 5:colcon.colcon_core.verb:set package 'zed_wrapper' build argument 'cmake_target' from command line to 'None'
[0.874s] Level 5:colcon.colcon_core.verb:set package 'zed_wrapper' build argument 'cmake_target_skip_unavailable' from command line to 'False'
[0.874s] Level 5:colcon.colcon_core.verb:set package 'zed_wrapper' build argument 'cmake_clean_cache' from command line to 'False'
[0.874s] Level 5:colcon.colcon_core.verb:set package 'zed_wrapper' build argument 'cmake_clean_first' from command line to 'False'
[0.874s] Level 5:colcon.colcon_core.verb:set package 'zed_wrapper' build argument 'cmake_force_configure' from command line to 'False'
[0.874s] Level 5:colcon.colcon_core.verb:set package 'zed_wrapper' build argument 'ament_cmake_args' from command line to 'None'
[0.874s] Level 5:colcon.colcon_core.verb:set package 'zed_wrapper' build argument 'catkin_cmake_args' from command line to 'None'
[0.874s] Level 5:colcon.colcon_core.verb:set package 'zed_wrapper' build argument 'catkin_skip_building_tests' from command line to 'False'
[0.874s] DEBUG:colcon.colcon_core.verb:Building package 'zed_wrapper' with the following arguments: {'ament_cmake_args': None, 'build_base': '/home/nourstalgie/FYP-Autonomous-Ground-Vehicles/PerceptionCorner/ws/build/zed_wrapper', 'catkin_cmake_args': None, 'catkin_skip_building_tests': False, 'cmake_args': None, 'cmake_clean_cache': False, 'cmake_clean_first': False, 'cmake_force_configure': False, 'cmake_target': None, 'cmake_target_skip_unavailable': False, 'install_base': '/home/nourstalgie/FYP-Autonomous-Ground-Vehicles/PerceptionCorner/ws/install/zed_wrapper', 'merge_install': False, 'path': '/home/nourstalgie/FYP-Autonomous-Ground-Vehicles/PerceptionCorner/ws/src/zed-ros2-wrapper/zed_wrapper', 'symlink_install': True, 'test_result_base': None}
[0.875s] Level 5:colcon.colcon_core.verb:set package 'zed_ros2' build argument 'cmake_args' from command line to 'None'
[0.875s] Level 5:colcon.colcon_core.verb:set package 'zed_ros2' build argument 'cmake_target' from command line to 'None'
[0.875s] Level 5:colcon.colcon_core.verb:set package 'zed_ros2' build argument 'cmake_target_skip_unavailable' from command line to 'False'
[0.875s] Level 5:colcon.colcon_core.verb:set package 'zed_ros2' build argument 'cmake_clean_cache' from command line to 'False'
[0.875s] Level 5:colcon.colcon_core.verb:set package 'zed_ros2' build argument 'cmake_clean_first' from command line to 'False'
[0.875s] Level 5:colcon.colcon_core.verb:set package 'zed_ros2' build argument 'cmake_force_configure' from command line to 'False'
[0.875s] Level 5:colcon.colcon_core.verb:set package 'zed_ros2' build argument 'ament_cmake_args' from command line to 'None'
[0.875s] Level 5:colcon.colcon_core.verb:set package 'zed_ros2' build argument 'catkin_cmake_args' from command line to 'None'
[0.875s] Level 5:colcon.colcon_core.verb:set package 'zed_ros2' build argument 'catkin_skip_building_tests' from command line to 'False'
[0.875s] DEBUG:colcon.colcon_core.verb:Building package 'zed_ros2' with the following arguments: {'ament_cmake_args': None, 'build_base': '/home/nourstalgie/FYP-Autonomous-Ground-Vehicles/PerceptionCorner/ws/build/zed_ros2', 'catkin_cmake_args': None, 'catkin_skip_building_tests': False, 'cmake_args': None, 'cmake_clean_cache': False, 'cmake_clean_first': False, 'cmake_force_configure': False, 'cmake_target': None, 'cmake_target_skip_unavailable': False, 'install_base': '/home/nourstalgie/FYP-Autonomous-Ground-Vehicles/PerceptionCorner/ws/install/zed_ros2', 'merge_install': False, 'path': '/home/nourstalgie/FYP-Autonomous-Ground-Vehicles/PerceptionCorner/ws/src/zed-ros2-wrapper/zed_ros2', 'symlink_install': True, 'test_result_base': None}
[0.875s] INFO:colcon.colcon_core.executor:Executing jobs using 'parallel' executor
[0.878s] DEBUG:colcon.colcon_parallel_executor.executor.parallel:run_until_complete
[0.878s] INFO:colcon.colcon_ros.task.ament_cmake.build:Building ROS package in '/home/nourstalgie/FYP-Autonomous-Ground-Vehicles/PerceptionCorner/ws/src/zed-ros2-wrapper/zed_components' with build type 'ament_cmake'
[0.879s] INFO:colcon.colcon_cmake.task.cmake.build:Building CMake package in '/home/nourstalgie/FYP-Autonomous-Ground-Vehicles/PerceptionCorner/ws/src/zed-ros2-wrapper/zed_components'
[0.883s] INFO:colcon.colcon_core.plugin_system:Skipping extension 'colcon_core.shell.bat': Not used on non-Windows systems
[0.884s] INFO:colcon.colcon_core.shell:Skip shell extension 'powershell' for command environment: Not usable outside of PowerShell
[0.884s] DEBUG:colcon.colcon_core.shell:Skip shell extension 'dsv' for command environment
[0.898s] DEBUG:colcon.colcon_core.event_handler.log_command:Invoking command in '/home/nourstalgie/FYP-Autonomous-Ground-Vehicles/PerceptionCorner/ws/build/zed_components': CMAKE_PREFIX_PATH=/opt/ros/humble /usr/bin/cmake /home/nourstalgie/FYP-Autonomous-Ground-Vehicles/PerceptionCorner/ws/src/zed-ros2-wrapper/zed_components -DAMENT_CMAKE_SYMLINK_INSTALL=1 -DCMAKE_INSTALL_PREFIX=/home/nourstalgie/FYP-Autonomous-Ground-Vehicles/PerceptionCorner/ws/install/zed_components
[2.931s] DEBUG:colcon.colcon_core.event_handler.log_command:Invoked command in '/home/nourstalgie/FYP-Autonomous-Ground-Vehicles/PerceptionCorner/ws/build/zed_components' returned '0': CMAKE_PREFIX_PATH=/opt/ros/humble /usr/bin/cmake /home/nourstalgie/FYP-Autonomous-Ground-Vehicles/PerceptionCorner/ws/src/zed-ros2-wrapper/zed_components -DAMENT_CMAKE_SYMLINK_INSTALL=1 -DCMAKE_INSTALL_PREFIX=/home/nourstalgie/FYP-Autonomous-Ground-Vehicles/PerceptionCorner/ws/install/zed_components
[2.937s] DEBUG:colcon.colcon_core.event_handler.log_command:Invoking command in '/home/nourstalgie/FYP-Autonomous-Ground-Vehicles/PerceptionCorner/ws/build/zed_components': CMAKE_PREFIX_PATH=/opt/ros/humble /usr/bin/cmake --build /home/nourstalgie/FYP-Autonomous-Ground-Vehicles/PerceptionCorner/ws/build/zed_components -- -j6 -l6
[189.418s] DEBUG:colcon.colcon_core.event_handler.log_command:Invoked command in '/home/nourstalgie/FYP-Autonomous-Ground-Vehicles/PerceptionCorner/ws/build/zed_components' returned '0': CMAKE_PREFIX_PATH=/opt/ros/humble /usr/bin/cmake --build /home/nourstalgie/FYP-Autonomous-Ground-Vehicles/PerceptionCorner/ws/build/zed_components -- -j6 -l6
[189.442s] DEBUG:colcon.colcon_core.event_handler.log_command:Invoking command in '/home/nourstalgie/FYP-Autonomous-Ground-Vehicles/PerceptionCorner/ws/build/zed_components': CMAKE_PREFIX_PATH=/opt/ros/humble /usr/bin/cmake --install /home/nourstalgie/FYP-Autonomous-Ground-Vehicles/PerceptionCorner/ws/build/zed_components
[190.093s] Level 1:colcon.colcon_core.environment:create_environment_scripts_only(zed_components)
[190.095s] DEBUG:colcon.colcon_core.event_handler.log_command:Invoked command in '/home/nourstalgie/FYP-Autonomous-Ground-Vehicles/PerceptionCorner/ws/build/zed_components' returned '0': CMAKE_PREFIX_PATH=/opt/ros/humble /usr/bin/cmake --install /home/nourstalgie/FYP-Autonomous-Ground-Vehicles/PerceptionCorner/ws/build/zed_components
[190.103s] Level 1:colcon.colcon_core.environment:checking '/home/nourstalgie/FYP-Autonomous-Ground-Vehicles/PerceptionCorner/ws/install/zed_components' for CMake module files
[190.105s] Level 1:colcon.colcon_core.environment:checking '/home/nourstalgie/FYP-Autonomous-Ground-Vehicles/PerceptionCorner/ws/install/zed_components' for CMake config files
[190.107s] Level 1:colcon.colcon_core.shell:create_environment_hook('zed_components', 'cmake_prefix_path')
[190.108s] INFO:colcon.colcon_core.shell:Creating environment hook '/home/nourstalgie/FYP-Autonomous-Ground-Vehicles/PerceptionCorner/ws/install/zed_components/share/zed_components/hook/cmake_prefix_path.ps1'
[190.117s] INFO:colcon.colcon_core.shell:Creating environment descriptor '/home/nourstalgie/FYP-Autonomous-Ground-Vehicles/PerceptionCorner/ws/install/zed_components/share/zed_components/hook/cmake_prefix_path.dsv'
[190.119s] INFO:colcon.colcon_core.shell:Creating environment hook '/home/nourstalgie/FYP-Autonomous-Ground-Vehicles/PerceptionCorner/ws/install/zed_components/share/zed_components/hook/cmake_prefix_path.sh'
[190.123s] Level 1:colcon.colcon_core.environment:checking '/home/nourstalgie/FYP-Autonomous-Ground-Vehicles/PerceptionCorner/ws/install/zed_components/lib'
[190.123s] Level 1:colcon.colcon_core.shell:create_environment_hook('zed_components', 'ld_library_path_lib')
[190.124s] INFO:colcon.colcon_core.shell:Creating environment hook '/home/nourstalgie/FYP-Autonomous-Ground-Vehicles/PerceptionCorner/ws/install/zed_components/share/zed_components/hook/ld_library_path_lib.ps1'
[190.125s] INFO:colcon.colcon_core.shell:Creating environment descriptor '/home/nourstalgie/FYP-Autonomous-Ground-Vehicles/PerceptionCorner/ws/install/zed_components/share/zed_components/hook/ld_library_path_lib.dsv'
[190.127s] INFO:colcon.colcon_core.shell:Creating environment hook '/home/nourstalgie/FYP-Autonomous-Ground-Vehicles/PerceptionCorner/ws/install/zed_components/share/zed_components/hook/ld_library_path_lib.sh'
[190.128s] Level 1:colcon.colcon_core.environment:checking '/home/nourstalgie/FYP-Autonomous-Ground-Vehicles/PerceptionCorner/ws/install/zed_components/bin'
[190.128s] Level 1:colcon.colcon_core.environment:checking '/home/nourstalgie/FYP-Autonomous-Ground-Vehicles/PerceptionCorner/ws/install/zed_components/lib/pkgconfig/zed_components.pc'
[190.129s] Level 1:colcon.colcon_core.environment:checking '/home/nourstalgie/FYP-Autonomous-Ground-Vehicles/PerceptionCorner/ws/install/zed_components/lib/python3.10/site-packages'
[190.131s] Level 1:colcon.colcon_core.environment:checking '/home/nourstalgie/FYP-Autonomous-Ground-Vehicles/PerceptionCorner/ws/install/zed_components/bin'
[190.132s] INFO:colcon.colcon_core.shell:Creating package script '/home/nourstalgie/FYP-Autonomous-Ground-Vehicles/PerceptionCorner/ws/install/zed_components/share/zed_components/package.ps1'
[190.135s] INFO:colcon.colcon_core.shell:Creating package descriptor '/home/nourstalgie/FYP-Autonomous-Ground-Vehicles/PerceptionCorner/ws/install/zed_components/share/zed_components/package.dsv'
[190.137s] INFO:colcon.colcon_core.shell:Creating package script '/home/nourstalgie/FYP-Autonomous-Ground-Vehicles/PerceptionCorner/ws/install/zed_components/share/zed_components/package.sh'
[190.140s] INFO:colcon.colcon_core.shell:Creating package script '/home/nourstalgie/FYP-Autonomous-Ground-Vehicles/PerceptionCorner/ws/install/zed_components/share/zed_components/package.bash'
[190.143s] INFO:colcon.colcon_core.shell:Creating package script '/home/nourstalgie/FYP-Autonomous-Ground-Vehicles/PerceptionCorner/ws/install/zed_components/share/zed_components/package.zsh'
[190.145s] Level 1:colcon.colcon_core.environment:create_file_with_runtime_dependencies(/home/nourstalgie/FYP-Autonomous-Ground-Vehicles/PerceptionCorner/ws/install/zed_components/share/colcon-core/packages/zed_components)
[190.148s] Level 1:colcon.colcon_core.environment:create_environment_scripts_only(zed_components)
[190.149s] Level 1:colcon.colcon_core.environment:checking '/home/nourstalgie/FYP-Autonomous-Ground-Vehicles/PerceptionCorner/ws/install/zed_components' for CMake module files
[190.150s] Level 1:colcon.colcon_core.environment:checking '/home/nourstalgie/FYP-Autonomous-Ground-Vehicles/PerceptionCorner/ws/install/zed_components' for CMake config files
[190.152s] Level 1:colcon.colcon_core.shell:create_environment_hook('zed_components', 'cmake_prefix_path')
[190.153s] INFO:colcon.colcon_core.shell:Creating environment hook '/home/nourstalgie/FYP-Autonomous-Ground-Vehicles/PerceptionCorner/ws/install/zed_components/share/zed_components/hook/cmake_prefix_path.ps1'
[190.154s] INFO:colcon.colcon_core.shell:Creating environment descriptor '/home/nourstalgie/FYP-Autonomous-Ground-Vehicles/PerceptionCorner/ws/install/zed_components/share/zed_components/hook/cmake_prefix_path.dsv'
[190.156s] INFO:colcon.colcon_core.shell:Creating environment hook '/home/nourstalgie/FYP-Autonomous-Ground-Vehicles/PerceptionCorner/ws/install/zed_components/share/zed_components/hook/cmake_prefix_path.sh'
[190.158s] Level 1:colcon.colcon_core.environment:checking '/home/nourstalgie/FYP-Autonomous-Ground-Vehicles/PerceptionCorner/ws/install/zed_components/lib'
[190.158s] Level 1:colcon.colcon_core.shell:create_environment_hook('zed_components', 'ld_library_path_lib')
[190.158s] INFO:colcon.colcon_core.shell:Creating environment hook '/home/nourstalgie/FYP-Autonomous-Ground-Vehicles/PerceptionCorner/ws/install/zed_components/share/zed_components/hook/ld_library_path_lib.ps1'
[190.160s] INFO:colcon.colcon_core.shell:Creating environment descriptor '/home/nourstalgie/FYP-Autonomous-Ground-Vehicles/PerceptionCorner/ws/install/zed_components/share/zed_components/hook/ld_library_path_lib.dsv'
[190.161s] INFO:colcon.colcon_core.shell:Creating environment hook '/home/nourstalgie/FYP-Autonomous-Ground-Vehicles/PerceptionCorner/ws/install/zed_components/share/zed_components/hook/ld_library_path_lib.sh'
[190.162s] Level 1:colcon.colcon_core.environment:checking '/home/nourstalgie/FYP-Autonomous-Ground-Vehicles/PerceptionCorner/ws/install/zed_components/bin'
[190.163s] Level 1:colcon.colcon_core.environment:checking '/home/nourstalgie/FYP-Autonomous-Ground-Vehicles/PerceptionCorner/ws/install/zed_components/lib/pkgconfig/zed_components.pc'
[190.163s] Level 1:colcon.colcon_core.environment:checking '/home/nourstalgie/FYP-Autonomous-Ground-Vehicles/PerceptionCorner/ws/install/zed_components/lib/python3.10/site-packages'
[190.165s] Level 1:colcon.colcon_core.environment:checking '/home/nourstalgie/FYP-Autonomous-Ground-Vehicles/PerceptionCorner/ws/install/zed_components/bin'
[190.166s] INFO:colcon.colcon_core.shell:Creating package script '/home/nourstalgie/FYP-Autonomous-Ground-Vehicles/PerceptionCorner/ws/install/zed_components/share/zed_components/package.ps1'
[190.168s] INFO:colcon.colcon_core.shell:Creating package descriptor '/home/nourstalgie/FYP-Autonomous-Ground-Vehicles/PerceptionCorner/ws/install/zed_components/share/zed_components/package.dsv'
[190.169s] INFO:colcon.colcon_core.shell:Creating package script '/home/nourstalgie/FYP-Autonomous-Ground-Vehicles/PerceptionCorner/ws/install/zed_components/share/zed_components/package.sh'
[190.171s] INFO:colcon.colcon_core.shell:Creating package script '/home/nourstalgie/FYP-Autonomous-Ground-Vehicles/PerceptionCorner/ws/install/zed_components/share/zed_components/package.bash'
[190.172s] INFO:colcon.colcon_core.shell:Creating package script '/home/nourstalgie/FYP-Autonomous-Ground-Vehicles/PerceptionCorner/ws/install/zed_components/share/zed_components/package.zsh'
[190.173s] Level 1:colcon.colcon_core.environment:create_file_with_runtime_dependencies(/home/nourstalgie/FYP-Autonomous-Ground-Vehicles/PerceptionCorner/ws/install/zed_components/share/colcon-core/packages/zed_components)
[190.174s] INFO:colcon.colcon_ros.task.ament_cmake.build:Building ROS package in '/home/nourstalgie/FYP-Autonomous-Ground-Vehicles/PerceptionCorner/ws/src/zed-ros2-wrapper/zed_wrapper' with build type 'ament_cmake'
[190.174s] INFO:colcon.colcon_cmake.task.cmake.build:Building CMake package in '/home/nourstalgie/FYP-Autonomous-Ground-Vehicles/PerceptionCorner/ws/src/zed-ros2-wrapper/zed_wrapper'
[190.175s] INFO:colcon.colcon_core.shell:Skip shell extension 'powershell' for command environment: Not usable outside of PowerShell
[190.176s] DEBUG:colcon.colcon_core.shell:Skip shell extension 'dsv' for command environment
[190.202s] DEBUG:colcon.colcon_core.event_handler.log_command:Invoking command in '/home/nourstalgie/FYP-Autonomous-Ground-Vehicles/PerceptionCorner/ws/build/zed_wrapper': AMENT_PREFIX_PATH=/home/nourstalgie/FYP-Autonomous-Ground-Vehicles/PerceptionCorner/ws/install/zed_components:${AMENT_PREFIX_PATH} CMAKE_PREFIX_PATH=/home/nourstalgie/FYP-Autonomous-Ground-Vehicles/PerceptionCorner/ws/install/zed_components:/opt/ros/humble LD_LIBRARY_PATH=/home/nourstalgie/FYP-Autonomous-Ground-Vehicles/PerceptionCorner/ws/install/zed_components/lib:/opt/ros/humble/opt/rviz_ogre_vendor/lib:/opt/ros/humble/lib/aarch64-linux-gnu:/opt/ros/humble/lib:/usr/local/cuda-12.6/lib64 /usr/bin/cmake /home/nourstalgie/FYP-Autonomous-Ground-Vehicles/PerceptionCorner/ws/src/zed-ros2-wrapper/zed_wrapper -DAMENT_CMAKE_SYMLINK_INSTALL=1 -DCMAKE_INSTALL_PREFIX=/home/nourstalgie/FYP-Autonomous-Ground-Vehicles/PerceptionCorner/ws/install/zed_wrapper
[193.446s] DEBUG:colcon.colcon_core.event_handler.log_command:Invoked command in '/home/nourstalgie/FYP-Autonomous-Ground-Vehicles/PerceptionCorner/ws/build/zed_wrapper' returned '0': AMENT_PREFIX_PATH=/home/nourstalgie/FYP-Autonomous-Ground-Vehicles/PerceptionCorner/ws/install/zed_components:${AMENT_PREFIX_PATH} CMAKE_PREFIX_PATH=/home/nourstalgie/FYP-Autonomous-Ground-Vehicles/PerceptionCorner/ws/install/zed_components:/opt/ros/humble LD_LIBRARY_PATH=/home/nourstalgie/FYP-Autonomous-Ground-Vehicles/PerceptionCorner/ws/install/zed_components/lib:/opt/ros/humble/opt/rviz_ogre_vendor/lib:/opt/ros/humble/lib/aarch64-linux-gnu:/opt/ros/humble/lib:/usr/local/cuda-12.6/lib64 /usr/bin/cmake /home/nourstalgie/FYP-Autonomous-Ground-Vehicles/PerceptionCorner/ws/src/zed-ros2-wrapper/zed_wrapper -DAMENT_CMAKE_SYMLINK_INSTALL=1 -DCMAKE_INSTALL_PREFIX=/home/nourstalgie/FYP-Autonomous-Ground-Vehicles/PerceptionCorner/ws/install/zed_wrapper
[193.450s] DEBUG:colcon.colcon_core.event_handler.log_command:Invoking command in '/home/nourstalgie/FYP-Autonomous-Ground-Vehicles/PerceptionCorner/ws/build/zed_wrapper': AMENT_PREFIX_PATH=/home/nourstalgie/FYP-Autonomous-Ground-Vehicles/PerceptionCorner/ws/install/zed_components:${AMENT_PREFIX_PATH} CMAKE_PREFIX_PATH=/home/nourstalgie/FYP-Autonomous-Ground-Vehicles/PerceptionCorner/ws/install/zed_components:/opt/ros/humble LD_LIBRARY_PATH=/home/nourstalgie/FYP-Autonomous-Ground-Vehicles/PerceptionCorner/ws/install/zed_components/lib:/opt/ros/humble/opt/rviz_ogre_vendor/lib:/opt/ros/humble/lib/aarch64-linux-gnu:/opt/ros/humble/lib:/usr/local/cuda-12.6/lib64 /usr/bin/cmake --build /home/nourstalgie/FYP-Autonomous-Ground-Vehicles/PerceptionCorner/ws/build/zed_wrapper -- -j6 -l6
[193.540s] DEBUG:colcon.colcon_core.event_handler.log_command:Invoked command in '/home/nourstalgie/FYP-Autonomous-Ground-Vehicles/PerceptionCorner/ws/build/zed_wrapper' returned '0': AMENT_PREFIX_PATH=/home/nourstalgie/FYP-Autonomous-Ground-Vehicles/PerceptionCorner/ws/install/zed_components:${AMENT_PREFIX_PATH} CMAKE_PREFIX_PATH=/home/nourstalgie/FYP-Autonomous-Ground-Vehicles/PerceptionCorner/ws/install/zed_components:/opt/ros/humble LD_LIBRARY_PATH=/home/nourstalgie/FYP-Autonomous-Ground-Vehicles/PerceptionCorner/ws/install/zed_components/lib:/opt/ros/humble/opt/rviz_ogre_vendor/lib:/opt/ros/humble/lib/aarch64-linux-gnu:/opt/ros/humble/lib:/usr/local/cuda-12.6/lib64 /usr/bin/cmake --build /home/nourstalgie/FYP-Autonomous-Ground-Vehicles/PerceptionCorner/ws/build/zed_wrapper -- -j6 -l6
[193.544s] DEBUG:colcon.colcon_core.event_handler.log_command:Invoking command in '/home/nourstalgie/FYP-Autonomous-Ground-Vehicles/PerceptionCorner/ws/build/zed_wrapper': AMENT_PREFIX_PATH=/home/nourstalgie/FYP-Autonomous-Ground-Vehicles/PerceptionCorner/ws/install/zed_components:${AMENT_PREFIX_PATH} CMAKE_PREFIX_PATH=/home/nourstalgie/FYP-Autonomous-Ground-Vehicles/PerceptionCorner/ws/install/zed_components:/opt/ros/humble LD_LIBRARY_PATH=/home/nourstalgie/FYP-Autonomous-Ground-Vehicles/PerceptionCorner/ws/install/zed_components/lib:/opt/ros/humble/opt/rviz_ogre_vendor/lib:/opt/ros/humble/lib/aarch64-linux-gnu:/opt/ros/humble/lib:/usr/local/cuda-12.6/lib64 /usr/bin/cmake --install /home/nourstalgie/FYP-Autonomous-Ground-Vehicles/PerceptionCorner/ws/build/zed_wrapper
[194.138s] Level 1:colcon.colcon_core.environment:create_environment_scripts_only(zed_wrapper)
[194.140s] Level 1:colcon.colcon_core.environment:checking '/home/nourstalgie/FYP-Autonomous-Ground-Vehicles/PerceptionCorner/ws/install/zed_wrapper' for CMake module files
[194.141s] DEBUG:colcon.colcon_core.event_handler.log_command:Invoked command in '/home/nourstalgie/FYP-Autonomous-Ground-Vehicles/PerceptionCorner/ws/build/zed_wrapper' returned '0': AMENT_PREFIX_PATH=/home/nourstalgie/FYP-Autonomous-Ground-Vehicles/PerceptionCorner/ws/install/zed_components:${AMENT_PREFIX_PATH} CMAKE_PREFIX_PATH=/home/nourstalgie/FYP-Autonomous-Ground-Vehicles/PerceptionCorner/ws/install/zed_components:/opt/ros/humble LD_LIBRARY_PATH=/home/nourstalgie/FYP-Autonomous-Ground-Vehicles/PerceptionCorner/ws/install/zed_components/lib:/opt/ros/humble/opt/rviz_ogre_vendor/lib:/opt/ros/humble/lib/aarch64-linux-gnu:/opt/ros/humble/lib:/usr/local/cuda-12.6/lib64 /usr/bin/cmake --install /home/nourstalgie/FYP-Autonomous-Ground-Vehicles/PerceptionCorner/ws/build/zed_wrapper
[194.143s] Level 1:colcon.colcon_core.environment:checking '/home/nourstalgie/FYP-Autonomous-Ground-Vehicles/PerceptionCorner/ws/install/zed_wrapper' for CMake config files
[194.144s] Level 1:colcon.colcon_core.shell:create_environment_hook('zed_wrapper', 'cmake_prefix_path')
[194.145s] INFO:colcon.colcon_core.shell:Creating environment hook '/home/nourstalgie/FYP-Autonomous-Ground-Vehicles/PerceptionCorner/ws/install/zed_wrapper/share/zed_wrapper/hook/cmake_prefix_path.ps1'
[194.147s] INFO:colcon.colcon_core.shell:Creating environment descriptor '/home/nourstalgie/FYP-Autonomous-Ground-Vehicles/PerceptionCorner/ws/install/zed_wrapper/share/zed_wrapper/hook/cmake_prefix_path.dsv'
[194.148s] INFO:colcon.colcon_core.shell:Creating environment hook '/home/nourstalgie/FYP-Autonomous-Ground-Vehicles/PerceptionCorner/ws/install/zed_wrapper/share/zed_wrapper/hook/cmake_prefix_path.sh'
[194.150s] Level 1:colcon.colcon_core.environment:checking '/home/nourstalgie/FYP-Autonomous-Ground-Vehicles/PerceptionCorner/ws/install/zed_wrapper/bin'
[194.150s] Level 1:colcon.colcon_core.environment:checking '/home/nourstalgie/FYP-Autonomous-Ground-Vehicles/PerceptionCorner/ws/install/zed_wrapper/lib/pkgconfig/zed_wrapper.pc'
[194.151s] Level 1:colcon.colcon_core.environment:checking '/home/nourstalgie/FYP-Autonomous-Ground-Vehicles/PerceptionCorner/ws/install/zed_wrapper/lib/python3.10/site-packages'
[194.152s] Level 1:colcon.colcon_core.environment:checking '/home/nourstalgie/FYP-Autonomous-Ground-Vehicles/PerceptionCorner/ws/install/zed_wrapper/bin'
[194.153s] INFO:colcon.colcon_core.shell:Creating package script '/home/nourstalgie/FYP-Autonomous-Ground-Vehicles/PerceptionCorner/ws/install/zed_wrapper/share/zed_wrapper/package.ps1'
[194.155s] INFO:colcon.colcon_core.shell:Creating package descriptor '/home/nourstalgie/FYP-Autonomous-Ground-Vehicles/PerceptionCorner/ws/install/zed_wrapper/share/zed_wrapper/package.dsv'
[194.157s] INFO:colcon.colcon_core.shell:Creating package script '/home/nourstalgie/FYP-Autonomous-Ground-Vehicles/PerceptionCorner/ws/install/zed_wrapper/share/zed_wrapper/package.sh'
[194.158s] INFO:colcon.colcon_core.shell:Creating package script '/home/nourstalgie/FYP-Autonomous-Ground-Vehicles/PerceptionCorner/ws/install/zed_wrapper/share/zed_wrapper/package.bash'
[194.159s] INFO:colcon.colcon_core.shell:Creating package script '/home/nourstalgie/FYP-Autonomous-Ground-Vehicles/PerceptionCorner/ws/install/zed_wrapper/share/zed_wrapper/package.zsh'
[194.161s] Level 1:colcon.colcon_core.environment:create_file_with_runtime_dependencies(/home/nourstalgie/FYP-Autonomous-Ground-Vehicles/PerceptionCorner/ws/install/zed_wrapper/share/colcon-core/packages/zed_wrapper)
[194.163s] Level 1:colcon.colcon_core.environment:create_environment_scripts_only(zed_wrapper)
[194.164s] Level 1:colcon.colcon_core.environment:checking '/home/nourstalgie/FYP-Autonomous-Ground-Vehicles/PerceptionCorner/ws/install/zed_wrapper' for CMake module files
[194.165s] Level 1:colcon.colcon_core.environment:checking '/home/nourstalgie/FYP-Autonomous-Ground-Vehicles/PerceptionCorner/ws/install/zed_wrapper' for CMake config files
[194.167s] Level 1:colcon.colcon_core.shell:create_environment_hook('zed_wrapper', 'cmake_prefix_path')
[194.168s] INFO:colcon.colcon_core.shell:Creating environment hook '/home/nourstalgie/FYP-Autonomous-Ground-Vehicles/PerceptionCorner/ws/install/zed_wrapper/share/zed_wrapper/hook/cmake_prefix_path.ps1'
[194.169s] INFO:colcon.colcon_core.shell:Creating environment descriptor '/home/nourstalgie/FYP-Autonomous-Ground-Vehicles/PerceptionCorner/ws/install/zed_wrapper/share/zed_wrapper/hook/cmake_prefix_path.dsv'
[194.170s] INFO:colcon.colcon_core.shell:Creating environment hook '/home/nourstalgie/FYP-Autonomous-Ground-Vehicles/PerceptionCorner/ws/install/zed_wrapper/share/zed_wrapper/hook/cmake_prefix_path.sh'
[194.172s] Level 1:colcon.colcon_core.environment:checking '/home/nourstalgie/FYP-Autonomous-Ground-Vehicles/PerceptionCorner/ws/install/zed_wrapper/bin'
[194.173s] Level 1:colcon.colcon_core.environment:checking '/home/nourstalgie/FYP-Autonomous-Ground-Vehicles/PerceptionCorner/ws/install/zed_wrapper/lib/pkgconfig/zed_wrapper.pc'
[194.173s] Level 1:colcon.colcon_core.environment:checking '/home/nourstalgie/FYP-Autonomous-Ground-Vehicles/PerceptionCorner/ws/install/zed_wrapper/lib/python3.10/site-packages'
[194.175s] Level 1:colcon.colcon_core.environment:checking '/home/nourstalgie/FYP-Autonomous-Ground-Vehicles/PerceptionCorner/ws/install/zed_wrapper/bin'
[194.176s] INFO:colcon.colcon_core.shell:Creating package script '/home/nourstalgie/FYP-Autonomous-Ground-Vehicles/PerceptionCorner/ws/install/zed_wrapper/share/zed_wrapper/package.ps1'
[194.178s] INFO:colcon.colcon_core.shell:Creating package descriptor '/home/nourstalgie/FYP-Autonomous-Ground-Vehicles/PerceptionCorner/ws/install/zed_wrapper/share/zed_wrapper/package.dsv'
[194.179s] INFO:colcon.colcon_core.shell:Creating package script '/home/nourstalgie/FYP-Autonomous-Ground-Vehicles/PerceptionCorner/ws/install/zed_wrapper/share/zed_wrapper/package.sh'
[194.181s] INFO:colcon.colcon_core.shell:Creating package script '/home/nourstalgie/FYP-Autonomous-Ground-Vehicles/PerceptionCorner/ws/install/zed_wrapper/share/zed_wrapper/package.bash'
[194.182s] INFO:colcon.colcon_core.shell:Creating package script '/home/nourstalgie/FYP-Autonomous-Ground-Vehicles/PerceptionCorner/ws/install/zed_wrapper/share/zed_wrapper/package.zsh'
[194.184s] Level 1:colcon.colcon_core.environment:create_file_with_runtime_dependencies(/home/nourstalgie/FYP-Autonomous-Ground-Vehicles/PerceptionCorner/ws/install/zed_wrapper/share/colcon-core/packages/zed_wrapper)
[194.185s] INFO:colcon.colcon_ros.task.ament_cmake.build:Building ROS package in '/home/nourstalgie/FYP-Autonomous-Ground-Vehicles/PerceptionCorner/ws/src/zed-ros2-wrapper/zed_ros2' with build type 'ament_cmake'
[194.186s] INFO:colcon.colcon_cmake.task.cmake.build:Building CMake package in '/home/nourstalgie/FYP-Autonomous-Ground-Vehicles/PerceptionCorner/ws/src/zed-ros2-wrapper/zed_ros2'
[194.187s] INFO:colcon.colcon_core.shell:Skip shell extension 'powershell' for command environment: Not usable outside of PowerShell
[194.187s] DEBUG:colcon.colcon_core.shell:Skip shell extension 'dsv' for command environment
[194.212s] DEBUG:colcon.colcon_core.event_handler.log_command:Invoking command in '/home/nourstalgie/FYP-Autonomous-Ground-Vehicles/PerceptionCorner/ws/build/zed_ros2': AMENT_PREFIX_PATH=/home/nourstalgie/FYP-Autonomous-Ground-Vehicles/PerceptionCorner/ws/install/zed_wrapper:/home/nourstalgie/FYP-Autonomous-Ground-Vehicles/PerceptionCorner/ws/install/zed_components:${AMENT_PREFIX_PATH} CMAKE_PREFIX_PATH=/home/nourstalgie/FYP-Autonomous-Ground-Vehicles/PerceptionCorner/ws/install/zed_wrapper:/home/nourstalgie/FYP-Autonomous-Ground-Vehicles/PerceptionCorner/ws/install/zed_components:/opt/ros/humble LD_LIBRARY_PATH=/home/nourstalgie/FYP-Autonomous-Ground-Vehicles/PerceptionCorner/ws/install/zed_components/lib:/opt/ros/humble/opt/rviz_ogre_vendor/lib:/opt/ros/humble/lib/aarch64-linux-gnu:/opt/ros/humble/lib:/usr/local/cuda-12.6/lib64 /usr/bin/cmake /home/nourstalgie/FYP-Autonomous-Ground-Vehicles/PerceptionCorner/ws/src/zed-ros2-wrapper/zed_ros2 -DAMENT_CMAKE_SYMLINK_INSTALL=1 -DCMAKE_INSTALL_PREFIX=/home/nourstalgie/FYP-Autonomous-Ground-Vehicles/PerceptionCorner/ws/install/zed_ros2
[195.064s] DEBUG:colcon.colcon_core.event_handler.log_command:Invoked command in '/home/nourstalgie/FYP-Autonomous-Ground-Vehicles/PerceptionCorner/ws/build/zed_ros2' returned '0': AMENT_PREFIX_PATH=/home/nourstalgie/FYP-Autonomous-Ground-Vehicles/PerceptionCorner/ws/install/zed_wrapper:/home/nourstalgie/FYP-Autonomous-Ground-Vehicles/PerceptionCorner/ws/install/zed_components:${AMENT_PREFIX_PATH} CMAKE_PREFIX_PATH=/home/nourstalgie/FYP-Autonomous-Ground-Vehicles/PerceptionCorner/ws/install/zed_wrapper:/home/nourstalgie/FYP-Autonomous-Ground-Vehicles/PerceptionCorner/ws/install/zed_components:/opt/ros/humble LD_LIBRARY_PATH=/home/nourstalgie/FYP-Autonomous-Ground-Vehicles/PerceptionCorner/ws/install/zed_components/lib:/opt/ros/humble/opt/rviz_ogre_vendor/lib:/opt/ros/humble/lib/aarch64-linux-gnu:/opt/ros/humble/lib:/usr/local/cuda-12.6/lib64 /usr/bin/cmake /home/nourstalgie/FYP-Autonomous-Ground-Vehicles/PerceptionCorner/ws/src/zed-ros2-wrapper/zed_ros2 -DAMENT_CMAKE_SYMLINK_INSTALL=1 -DCMAKE_INSTALL_PREFIX=/home/nourstalgie/FYP-Autonomous-Ground-Vehicles/PerceptionCorner/ws/install/zed_ros2
[195.068s] DEBUG:colcon.colcon_core.event_handler.log_command:Invoking command in '/home/nourstalgie/FYP-Autonomous-Ground-Vehicles/PerceptionCorner/ws/build/zed_ros2': AMENT_PREFIX_PATH=/home/nourstalgie/FYP-Autonomous-Ground-Vehicles/PerceptionCorner/ws/install/zed_wrapper:/home/nourstalgie/FYP-Autonomous-Ground-Vehicles/PerceptionCorner/ws/install/zed_components:${AMENT_PREFIX_PATH} CMAKE_PREFIX_PATH=/home/nourstalgie/FYP-Autonomous-Ground-Vehicles/PerceptionCorner/ws/install/zed_wrapper:/home/nourstalgie/FYP-Autonomous-Ground-Vehicles/PerceptionCorner/ws/install/zed_components:/opt/ros/humble LD_LIBRARY_PATH=/home/nourstalgie/FYP-Autonomous-Ground-Vehicles/PerceptionCorner/ws/install/zed_components/lib:/opt/ros/humble/opt/rviz_ogre_vendor/lib:/opt/ros/humble/lib/aarch64-linux-gnu:/opt/ros/humble/lib:/usr/local/cuda-12.6/lib64 /usr/bin/cmake --build /home/nourstalgie/FYP-Autonomous-Ground-Vehicles/PerceptionCorner/ws/build/zed_ros2 -- -j6 -l6
[195.145s] DEBUG:colcon.colcon_core.event_handler.log_command:Invoked command in '/home/nourstalgie/FYP-Autonomous-Ground-Vehicles/PerceptionCorner/ws/build/zed_ros2' returned '0': AMENT_PREFIX_PATH=/home/nourstalgie/FYP-Autonomous-Ground-Vehicles/PerceptionCorner/ws/install/zed_wrapper:/home/nourstalgie/FYP-Autonomous-Ground-Vehicles/PerceptionCorner/ws/install/zed_components:${AMENT_PREFIX_PATH} CMAKE_PREFIX_PATH=/home/nourstalgie/FYP-Autonomous-Ground-Vehicles/PerceptionCorner/ws/install/zed_wrapper:/home/nourstalgie/FYP-Autonomous-Ground-Vehicles/PerceptionCorner/ws/install/zed_components:/opt/ros/humble LD_LIBRARY_PATH=/home/nourstalgie/FYP-Autonomous-Ground-Vehicles/PerceptionCorner/ws/install/zed_components/lib:/opt/ros/humble/opt/rviz_ogre_vendor/lib:/opt/ros/humble/lib/aarch64-linux-gnu:/opt/ros/humble/lib:/usr/local/cuda-12.6/lib64 /usr/bin/cmake --build /home/nourstalgie/FYP-Autonomous-Ground-Vehicles/PerceptionCorner/ws/build/zed_ros2 -- -j6 -l6
[195.149s] DEBUG:colcon.colcon_core.event_handler.log_command:Invoking command in '/home/nourstalgie/FYP-Autonomous-Ground-Vehicles/PerceptionCorner/ws/build/zed_ros2': AMENT_PREFIX_PATH=/home/nourstalgie/FYP-Autonomous-Ground-Vehicles/PerceptionCorner/ws/install/zed_wrapper:/home/nourstalgie/FYP-Autonomous-Ground-Vehicles/PerceptionCorner/ws/install/zed_components:${AMENT_PREFIX_PATH} CMAKE_PREFIX_PATH=/home/nourstalgie/FYP-Autonomous-Ground-Vehicles/PerceptionCorner/ws/install/zed_wrapper:/home/nourstalgie/FYP-Autonomous-Ground-Vehicles/PerceptionCorner/ws/install/zed_components:/opt/ros/humble LD_LIBRARY_PATH=/home/nourstalgie/FYP-Autonomous-Ground-Vehicles/PerceptionCorner/ws/install/zed_components/lib:/opt/ros/humble/opt/rviz_ogre_vendor/lib:/opt/ros/humble/lib/aarch64-linux-gnu:/opt/ros/humble/lib:/usr/local/cuda-12.6/lib64 /usr/bin/cmake --install /home/nourstalgie/FYP-Autonomous-Ground-Vehicles/PerceptionCorner/ws/build/zed_ros2
[195.451s] Level 1:colcon.colcon_core.environment:create_environment_scripts_only(zed_ros2)
[195.452s] Level 1:colcon.colcon_core.environment:checking '/home/nourstalgie/FYP-Autonomous-Ground-Vehicles/PerceptionCorner/ws/install/zed_ros2' for CMake module files
[195.453s] DEBUG:colcon.colcon_core.event_handler.log_command:Invoked command in '/home/nourstalgie/FYP-Autonomous-Ground-Vehicles/PerceptionCorner/ws/build/zed_ros2' returned '0': AMENT_PREFIX_PATH=/home/nourstalgie/FYP-Autonomous-Ground-Vehicles/PerceptionCorner/ws/install/zed_wrapper:/home/nourstalgie/FYP-Autonomous-Ground-Vehicles/PerceptionCorner/ws/install/zed_components:${AMENT_PREFIX_PATH} CMAKE_PREFIX_PATH=/home/nourstalgie/FYP-Autonomous-Ground-Vehicles/PerceptionCorner/ws/install/zed_wrapper:/home/nourstalgie/FYP-Autonomous-Ground-Vehicles/PerceptionCorner/ws/install/zed_components:/opt/ros/humble LD_LIBRARY_PATH=/home/nourstalgie/FYP-Autonomous-Ground-Vehicles/PerceptionCorner/ws/install/zed_components/lib:/opt/ros/humble/opt/rviz_ogre_vendor/lib:/opt/ros/humble/lib/aarch64-linux-gnu:/opt/ros/humble/lib:/usr/local/cuda-12.6/lib64 /usr/bin/cmake --install /home/nourstalgie/FYP-Autonomous-Ground-Vehicles/PerceptionCorner/ws/build/zed_ros2
[195.455s] Level 1:colcon.colcon_core.environment:checking '/home/nourstalgie/FYP-Autonomous-Ground-Vehicles/PerceptionCorner/ws/install/zed_ros2' for CMake config files
[195.456s] Level 1:colcon.colcon_core.shell:create_environment_hook('zed_ros2', 'cmake_prefix_path')
[195.456s] INFO:colcon.colcon_core.shell:Creating environment hook '/home/nourstalgie/FYP-Autonomous-Ground-Vehicles/PerceptionCorner/ws/install/zed_ros2/share/zed_ros2/hook/cmake_prefix_path.ps1'
[195.458s] INFO:colcon.colcon_core.shell:Creating environment descriptor '/home/nourstalgie/FYP-Autonomous-Ground-Vehicles/PerceptionCorner/ws/install/zed_ros2/share/zed_ros2/hook/cmake_prefix_path.dsv'
[195.460s] INFO:colcon.colcon_core.shell:Creating environment hook '/home/nourstalgie/FYP-Autonomous-Ground-Vehicles/PerceptionCorner/ws/install/zed_ros2/share/zed_ros2/hook/cmake_prefix_path.sh'
[195.462s] Level 1:colcon.colcon_core.environment:checking '/home/nourstalgie/FYP-Autonomous-Ground-Vehicles/PerceptionCorner/ws/install/zed_ros2/bin'
[195.462s] Level 1:colcon.colcon_core.environment:checking '/home/nourstalgie/FYP-Autonomous-Ground-Vehicles/PerceptionCorner/ws/install/zed_ros2/lib/pkgconfig/zed_ros2.pc'
[195.463s] Level 1:colcon.colcon_core.environment:checking '/home/nourstalgie/FYP-Autonomous-Ground-Vehicles/PerceptionCorner/ws/install/zed_ros2/lib/python3.10/site-packages'
[195.464s] Level 1:colcon.colcon_core.environment:checking '/home/nourstalgie/FYP-Autonomous-Ground-Vehicles/PerceptionCorner/ws/install/zed_ros2/bin'
[195.465s] INFO:colcon.colcon_core.shell:Creating package script '/home/nourstalgie/FYP-Autonomous-Ground-Vehicles/PerceptionCorner/ws/install/zed_ros2/share/zed_ros2/package.ps1'
[195.467s] INFO:colcon.colcon_core.shell:Creating package descriptor '/home/nourstalgie/FYP-Autonomous-Ground-Vehicles/PerceptionCorner/ws/install/zed_ros2/share/zed_ros2/package.dsv'
[195.468s] INFO:colcon.colcon_core.shell:Creating package script '/home/nourstalgie/FYP-Autonomous-Ground-Vehicles/PerceptionCorner/ws/install/zed_ros2/share/zed_ros2/package.sh'
[195.470s] INFO:colcon.colcon_core.shell:Creating package script '/home/nourstalgie/FYP-Autonomous-Ground-Vehicles/PerceptionCorner/ws/install/zed_ros2/share/zed_ros2/package.bash'
[195.471s] INFO:colcon.colcon_core.shell:Creating package script '/home/nourstalgie/FYP-Autonomous-Ground-Vehicles/PerceptionCorner/ws/install/zed_ros2/share/zed_ros2/package.zsh'
[195.472s] Level 1:colcon.colcon_core.environment:create_file_with_runtime_dependencies(/home/nourstalgie/FYP-Autonomous-Ground-Vehicles/PerceptionCorner/ws/install/zed_ros2/share/colcon-core/packages/zed_ros2)
[195.474s] Level 1:colcon.colcon_core.environment:create_environment_scripts_only(zed_ros2)
[195.475s] Level 1:colcon.colcon_core.environment:checking '/home/nourstalgie/FYP-Autonomous-Ground-Vehicles/PerceptionCorner/ws/install/zed_ros2' for CMake module files
[195.477s] Level 1:colcon.colcon_core.environment:checking '/home/nourstalgie/FYP-Autonomous-Ground-Vehicles/PerceptionCorner/ws/install/zed_ros2' for CMake config files
[195.478s] Level 1:colcon.colcon_core.shell:create_environment_hook('zed_ros2', 'cmake_prefix_path')
[195.479s] INFO:colcon.colcon_core.shell:Creating environment hook '/home/nourstalgie/FYP-Autonomous-Ground-Vehicles/PerceptionCorner/ws/install/zed_ros2/share/zed_ros2/hook/cmake_prefix_path.ps1'
[195.480s] INFO:colcon.colcon_core.shell:Creating environment descriptor '/home/nourstalgie/FYP-Autonomous-Ground-Vehicles/PerceptionCorner/ws/install/zed_ros2/share/zed_ros2/hook/cmake_prefix_path.dsv'
[195.481s] INFO:colcon.colcon_core.shell:Creating environment hook '/home/nourstalgie/FYP-Autonomous-Ground-Vehicles/PerceptionCorner/ws/install/zed_ros2/share/zed_ros2/hook/cmake_prefix_path.sh'
[195.483s] Level 1:colcon.colcon_core.environment:checking '/home/nourstalgie/FYP-Autonomous-Ground-Vehicles/PerceptionCorner/ws/install/zed_ros2/bin'
[195.484s] Level 1:colcon.colcon_core.environment:checking '/home/nourstalgie/FYP-Autonomous-Ground-Vehicles/PerceptionCorner/ws/install/zed_ros2/lib/pkgconfig/zed_ros2.pc'
[195.484s] Level 1:colcon.colcon_core.environment:checking '/home/nourstalgie/FYP-Autonomous-Ground-Vehicles/PerceptionCorner/ws/install/zed_ros2/lib/python3.10/site-packages'
[195.486s] Level 1:colcon.colcon_core.environment:checking '/home/nourstalgie/FYP-Autonomous-Ground-Vehicles/PerceptionCorner/ws/install/zed_ros2/bin'
[195.487s] INFO:colcon.colcon_core.shell:Creating package script '/home/nourstalgie/FYP-Autonomous-Ground-Vehicles/PerceptionCorner/ws/install/zed_ros2/share/zed_ros2/package.ps1'
[195.489s] INFO:colcon.colcon_core.shell:Creating package descriptor '/home/nourstalgie/FYP-Autonomous-Ground-Vehicles/PerceptionCorner/ws/install/zed_ros2/share/zed_ros2/package.dsv'
[195.491s] INFO:colcon.colcon_core.shell:Creating package script '/home/nourstalgie/FYP-Autonomous-Ground-Vehicles/PerceptionCorner/ws/install/zed_ros2/share/zed_ros2/package.sh'
[195.493s] INFO:colcon.colcon_core.shell:Creating package script '/home/nourstalgie/FYP-Autonomous-Ground-Vehicles/PerceptionCorner/ws/install/zed_ros2/share/zed_ros2/package.bash'
[195.494s] INFO:colcon.colcon_core.shell:Creating package script '/home/nourstalgie/FYP-Autonomous-Ground-Vehicles/PerceptionCorner/ws/install/zed_ros2/share/zed_ros2/package.zsh'
[195.496s] Level 1:colcon.colcon_core.environment:create_file_with_runtime_dependencies(/home/nourstalgie/FYP-Autonomous-Ground-Vehicles/PerceptionCorner/ws/install/zed_ros2/share/colcon-core/packages/zed_ros2)
[195.497s] DEBUG:colcon.colcon_parallel_executor.executor.parallel:closing loop
[195.498s] DEBUG:colcon.colcon_parallel_executor.executor.parallel:loop closed
[195.498s] DEBUG:colcon.colcon_parallel_executor.executor.parallel:run_until_complete finished with '0'
[195.498s] DEBUG:colcon.colcon_core.event_reactor:joining thread
[195.517s] INFO:colcon.colcon_core.plugin_system:Skipping extension 'colcon_notification.desktop_notification.terminal_notifier': Not used on non-Darwin systems
[195.517s] INFO:colcon.colcon_core.plugin_system:Skipping extension 'colcon_notification.desktop_notification.win32': Not used on non-Windows systems
[195.517s] INFO:colcon.colcon_notification.desktop_notification:Sending desktop notification using 'notify2'
[195.561s] DEBUG:colcon.colcon_core.event_reactor:joined thread
[195.562s] INFO:colcon.colcon_core.shell:Creating prefix script '/home/nourstalgie/FYP-Autonomous-Ground-Vehicles/PerceptionCorner/ws/install/local_setup.ps1'
[195.565s] INFO:colcon.colcon_core.shell:Creating prefix util module '/home/nourstalgie/FYP-Autonomous-Ground-Vehicles/PerceptionCorner/ws/install/_local_setup_util_ps1.py'
[195.570s] INFO:colcon.colcon_core.shell:Creating prefix chain script '/home/nourstalgie/FYP-Autonomous-Ground-Vehicles/PerceptionCorner/ws/install/setup.ps1'
[195.573s] INFO:colcon.colcon_core.shell:Creating prefix script '/home/nourstalgie/FYP-Autonomous-Ground-Vehicles/PerceptionCorner/ws/install/local_setup.sh'
[195.575s] INFO:colcon.colcon_core.shell:Creating prefix util module '/home/nourstalgie/FYP-Autonomous-Ground-Vehicles/PerceptionCorner/ws/install/_local_setup_util_sh.py'
[195.577s] INFO:colcon.colcon_core.shell:Creating prefix chain script '/home/nourstalgie/FYP-Autonomous-Ground-Vehicles/PerceptionCorner/ws/install/setup.sh'
[195.581s] INFO:colcon.colcon_core.shell:Creating prefix script '/home/nourstalgie/FYP-Autonomous-Ground-Vehicles/PerceptionCorner/ws/install/local_setup.bash'
[195.582s] INFO:colcon.colcon_core.shell:Creating prefix chain script '/home/nourstalgie/FYP-Autonomous-Ground-Vehicles/PerceptionCorner/ws/install/setup.bash'
[195.586s] INFO:colcon.colcon_core.shell:Creating prefix script '/home/nourstalgie/FYP-Autonomous-Ground-Vehicles/PerceptionCorner/ws/install/local_setup.zsh'
[195.588s] INFO:colcon.colcon_core.shell:Creating prefix chain script '/home/nourstalgie/FYP-Autonomous-Ground-Vehicles/PerceptionCorner/ws/install/setup.zsh'
