[0.024s] Invoking command in '/home/nourstalgie/FYP-Autonomous-Ground-Vehicles/PerceptionCorner/ws/build/zed_wrapper': AMENT_PREFIX_PATH=/home/nourstalgie/FYP-Autonomous-Ground-Vehicles/PerceptionCorner/ws/install/zed_components:${AMENT_PREFIX_PATH} CMAKE_PREFIX_PATH=/home/nourstalgie/FYP-Autonomous-Ground-Vehicles/PerceptionCorner/ws/install/zed_components:/opt/ros/humble LD_LIBRARY_PATH=/home/nourstalgie/FYP-Autonomous-Ground-Vehicles/PerceptionCorner/ws/install/zed_components/lib:/opt/ros/humble/opt/rviz_ogre_vendor/lib:/opt/ros/humble/lib/aarch64-linux-gnu:/opt/ros/humble/lib:/usr/local/cuda-12.6/lib64 /usr/bin/cmake /home/nourstalgie/FYP-Autonomous-Ground-Vehicles/PerceptionCorner/ws/src/zed-ros2-wrapper/zed_wrapper -DAMENT_CMAKE_SYMLINK_INSTALL=1 -DCMAKE_INSTALL_PREFIX=/home/nourstalgie/FYP-Autonomous-Ground-Vehicles/PerceptionCorner/ws/install/zed_wrapper
[0.133s] -- The C compiler identification is GNU 11.4.0
[0.252s] -- The CXX compiler identification is GNU 11.4.0
[0.273s] -- Detecting C compiler ABI info
[0.422s] -- Detecting C compiler ABI info - done
[0.446s] -- Check for working C compiler: /usr/bin/cc - skipped
[0.447s] -- Detecting C compile features
[0.448s] -- Detecting C compile features - done
[0.459s] -- Detecting CXX compiler ABI info
[0.626s] -- Detecting CXX compiler ABI info - done
[0.652s] -- Check for working CXX compiler: /usr/bin/c++ - skipped
[0.653s] -- Detecting CXX compile features
[0.654s] -- Detecting CXX compile features - done
[0.661s] -- Found ament_cmake_auto: 1.3.12 (/opt/ros/humble/share/ament_cmake_auto/cmake)
[1.000s] -- Found Python3: /usr/bin/python3 (found version "3.10.12") found components: Interpreter 
[1.146s] -- Override CMake install command with custom implementation using symlinks instead of copying resources
[1.476s] -- Found rosidl_generator_c: 3.1.8 (/opt/ros/humble/share/rosidl_generator_c/cmake)
[1.485s] -- Found rosidl_adapter: 3.1.8 (/opt/ros/humble/share/rosidl_adapter/cmake)
[1.502s] -- Found rosidl_generator_cpp: 3.1.8 (/opt/ros/humble/share/rosidl_generator_cpp/cmake)
[1.526s] -- Using all available rosidl_typesupport_c: rosidl_typesupport_fastrtps_c;rosidl_typesupport_introspection_c
[1.558s] -- Using all available rosidl_typesupport_cpp: rosidl_typesupport_fastrtps_cpp;rosidl_typesupport_introspection_cpp
[1.644s] -- Found rmw_implementation_cmake: 6.1.2 (/opt/ros/humble/share/rmw_implementation_cmake/cmake)
[1.649s] -- Found rmw_fastrtps_cpp: 6.2.9 (/opt/ros/humble/share/rmw_fastrtps_cpp/cmake)
[1.820s] -- Found OpenSSL: /usr/lib/aarch64-linux-gnu/libcrypto.so (found version "3.0.2")  
[1.897s] -- Found FastRTPS: /opt/ros/humble/include  
[1.986s] -- Using RMW implementation 'rmw_fastrtps_cpp' as default
[2.002s] -- Looking for pthread.h
[2.151s] -- Looking for pthread.h - found
[2.152s] -- Performing Test CMAKE_HAVE_LIBC_PTHREAD
[2.310s] -- Performing Test CMAKE_HAVE_LIBC_PTHREAD - Success
[2.313s] -- Found Threads: TRUE  
[2.780s] -- Found eigen3_cmake_module: 0.1.1 (/opt/ros/humble/share/eigen3_cmake_module/cmake)
[2.783s] -- Found Eigen3: TRUE (found version "3.4.0") 
[2.783s] -- Ensuring Eigen3 include directory is part of orocos-kdl CMake target
[3.214s] -- Configuring done
[3.229s] -- Generating done
[3.235s] -- Build files have been written to: /home/nourstalgie/FYP-Autonomous-Ground-Vehicles/PerceptionCorner/ws/build/zed_wrapper
[3.268s] Invoked command in '/home/nourstalgie/FYP-Autonomous-Ground-Vehicles/PerceptionCorner/ws/build/zed_wrapper' returned '0': AMENT_PREFIX_PATH=/home/nourstalgie/FYP-Autonomous-Ground-Vehicles/PerceptionCorner/ws/install/zed_components:${AMENT_PREFIX_PATH} CMAKE_PREFIX_PATH=/home/nourstalgie/FYP-Autonomous-Ground-Vehicles/PerceptionCorner/ws/install/zed_components:/opt/ros/humble LD_LIBRARY_PATH=/home/nourstalgie/FYP-Autonomous-Ground-Vehicles/PerceptionCorner/ws/install/zed_components/lib:/opt/ros/humble/opt/rviz_ogre_vendor/lib:/opt/ros/humble/lib/aarch64-linux-gnu:/opt/ros/humble/lib:/usr/local/cuda-12.6/lib64 /usr/bin/cmake /home/nourstalgie/FYP-Autonomous-Ground-Vehicles/PerceptionCorner/ws/src/zed-ros2-wrapper/zed_wrapper -DAMENT_CMAKE_SYMLINK_INSTALL=1 -DCMAKE_INSTALL_PREFIX=/home/nourstalgie/FYP-Autonomous-Ground-Vehicles/PerceptionCorner/ws/install/zed_wrapper
[3.272s] Invoking command in '/home/nourstalgie/FYP-Autonomous-Ground-Vehicles/PerceptionCorner/ws/build/zed_wrapper': AMENT_PREFIX_PATH=/home/nourstalgie/FYP-Autonomous-Ground-Vehicles/PerceptionCorner/ws/install/zed_components:${AMENT_PREFIX_PATH} CMAKE_PREFIX_PATH=/home/nourstalgie/FYP-Autonomous-Ground-Vehicles/PerceptionCorner/ws/install/zed_components:/opt/ros/humble LD_LIBRARY_PATH=/home/nourstalgie/FYP-Autonomous-Ground-Vehicles/PerceptionCorner/ws/install/zed_components/lib:/opt/ros/humble/opt/rviz_ogre_vendor/lib:/opt/ros/humble/lib/aarch64-linux-gnu:/opt/ros/humble/lib:/usr/local/cuda-12.6/lib64 /usr/bin/cmake --build /home/nourstalgie/FYP-Autonomous-Ground-Vehicles/PerceptionCorner/ws/build/zed_wrapper -- -j6 -l6
[3.361s] Invoked command in '/home/nourstalgie/FYP-Autonomous-Ground-Vehicles/PerceptionCorner/ws/build/zed_wrapper' returned '0': AMENT_PREFIX_PATH=/home/nourstalgie/FYP-Autonomous-Ground-Vehicles/PerceptionCorner/ws/install/zed_components:${AMENT_PREFIX_PATH} CMAKE_PREFIX_PATH=/home/nourstalgie/FYP-Autonomous-Ground-Vehicles/PerceptionCorner/ws/install/zed_components:/opt/ros/humble LD_LIBRARY_PATH=/home/nourstalgie/FYP-Autonomous-Ground-Vehicles/PerceptionCorner/ws/install/zed_components/lib:/opt/ros/humble/opt/rviz_ogre_vendor/lib:/opt/ros/humble/lib/aarch64-linux-gnu:/opt/ros/humble/lib:/usr/local/cuda-12.6/lib64 /usr/bin/cmake --build /home/nourstalgie/FYP-Autonomous-Ground-Vehicles/PerceptionCorner/ws/build/zed_wrapper -- -j6 -l6
[3.366s] Invoking command in '/home/nourstalgie/FYP-Autonomous-Ground-Vehicles/PerceptionCorner/ws/build/zed_wrapper': AMENT_PREFIX_PATH=/home/nourstalgie/FYP-Autonomous-Ground-Vehicles/PerceptionCorner/ws/install/zed_components:${AMENT_PREFIX_PATH} CMAKE_PREFIX_PATH=/home/nourstalgie/FYP-Autonomous-Ground-Vehicles/PerceptionCorner/ws/install/zed_components:/opt/ros/humble LD_LIBRARY_PATH=/home/nourstalgie/FYP-Autonomous-Ground-Vehicles/PerceptionCorner/ws/install/zed_components/lib:/opt/ros/humble/opt/rviz_ogre_vendor/lib:/opt/ros/humble/lib/aarch64-linux-gnu:/opt/ros/humble/lib:/usr/local/cuda-12.6/lib64 /usr/bin/cmake --install /home/nourstalgie/FYP-Autonomous-Ground-Vehicles/PerceptionCorner/ws/build/zed_wrapper
[3.383s] -- Install configuration: ""
[3.384s] -- Execute custom install script
[3.385s] -- Symlinking: /home/nourstalgie/FYP-Autonomous-Ground-Vehicles/PerceptionCorner/ws/install/zed_wrapper/share/zed_wrapper/config/common_mono.yaml
[3.403s] -- Symlinking: /home/nourstalgie/FYP-Autonomous-Ground-Vehicles/PerceptionCorner/ws/install/zed_wrapper/share/zed_wrapper/config/common_stereo.yaml
[3.421s] -- Symlinking: /home/nourstalgie/FYP-Autonomous-Ground-Vehicles/PerceptionCorner/ws/install/zed_wrapper/share/zed_wrapper/config/ffmpeg.yaml
[3.438s] -- Symlinking: /home/nourstalgie/FYP-Autonomous-Ground-Vehicles/PerceptionCorner/ws/install/zed_wrapper/share/zed_wrapper/config/virtual.yaml
[3.457s] -- Symlinking: /home/nourstalgie/FYP-Autonomous-Ground-Vehicles/PerceptionCorner/ws/install/zed_wrapper/share/zed_wrapper/config/zed.yaml
[3.474s] -- Symlinking: /home/nourstalgie/FYP-Autonomous-Ground-Vehicles/PerceptionCorner/ws/install/zed_wrapper/share/zed_wrapper/config/zed2.yaml
[3.492s] -- Symlinking: /home/nourstalgie/FYP-Autonomous-Ground-Vehicles/PerceptionCorner/ws/install/zed_wrapper/share/zed_wrapper/config/zed2i.yaml
[3.510s] -- Symlinking: /home/nourstalgie/FYP-Autonomous-Ground-Vehicles/PerceptionCorner/ws/install/zed_wrapper/share/zed_wrapper/config/zedm.yaml
[3.529s] -- Symlinking: /home/nourstalgie/FYP-Autonomous-Ground-Vehicles/PerceptionCorner/ws/install/zed_wrapper/share/zed_wrapper/config/zedx.yaml
[3.547s] -- Symlinking: /home/nourstalgie/FYP-Autonomous-Ground-Vehicles/PerceptionCorner/ws/install/zed_wrapper/share/zed_wrapper/config/zedxm.yaml
[3.565s] -- Symlinking: /home/nourstalgie/FYP-Autonomous-Ground-Vehicles/PerceptionCorner/ws/install/zed_wrapper/share/zed_wrapper/config/zedxone4k.yaml
[3.583s] -- Symlinking: /home/nourstalgie/FYP-Autonomous-Ground-Vehicles/PerceptionCorner/ws/install/zed_wrapper/share/zed_wrapper/config/zedxonegs.yaml
[3.602s] -- Symlinking: /home/nourstalgie/FYP-Autonomous-Ground-Vehicles/PerceptionCorner/ws/install/zed_wrapper/share/zed_wrapper/urdf/include/materials.urdf.xacro
[3.620s] -- Symlinking: /home/nourstalgie/FYP-Autonomous-Ground-Vehicles/PerceptionCorner/ws/install/zed_wrapper/share/zed_wrapper/urdf/zed_descr.urdf.xacro
[3.638s] -- Symlinking: /home/nourstalgie/FYP-Autonomous-Ground-Vehicles/PerceptionCorner/ws/install/zed_wrapper/share/zed_wrapper/urdf/zed_macro.urdf.xacro
[3.657s] -- Symlinking: /home/nourstalgie/FYP-Autonomous-Ground-Vehicles/PerceptionCorner/ws/install/zed_wrapper/share/zed_wrapper/launch/zed_camera.launch.py
[3.675s] -- Symlinking: /home/nourstalgie/FYP-Autonomous-Ground-Vehicles/PerceptionCorner/ws/install/zed_wrapper/share/ament_index/resource_index/package_run_dependencies/zed_wrapper
[3.695s] -- Symlinking: /home/nourstalgie/FYP-Autonomous-Ground-Vehicles/PerceptionCorner/ws/install/zed_wrapper/share/ament_index/resource_index/parent_prefix_path/zed_wrapper
[3.713s] -- Symlinking: /home/nourstalgie/FYP-Autonomous-Ground-Vehicles/PerceptionCorner/ws/install/zed_wrapper/share/zed_wrapper/environment/ament_prefix_path.sh
[3.731s] -- Symlinking: /home/nourstalgie/FYP-Autonomous-Ground-Vehicles/PerceptionCorner/ws/install/zed_wrapper/share/zed_wrapper/environment/ament_prefix_path.dsv
[3.750s] -- Symlinking: /home/nourstalgie/FYP-Autonomous-Ground-Vehicles/PerceptionCorner/ws/install/zed_wrapper/share/zed_wrapper/environment/path.sh
[3.769s] -- Symlinking: /home/nourstalgie/FYP-Autonomous-Ground-Vehicles/PerceptionCorner/ws/install/zed_wrapper/share/zed_wrapper/environment/path.dsv
[3.787s] -- Symlinking: /home/nourstalgie/FYP-Autonomous-Ground-Vehicles/PerceptionCorner/ws/install/zed_wrapper/share/zed_wrapper/local_setup.bash
[3.804s] -- Symlinking: /home/nourstalgie/FYP-Autonomous-Ground-Vehicles/PerceptionCorner/ws/install/zed_wrapper/share/zed_wrapper/local_setup.sh
[3.822s] -- Symlinking: /home/nourstalgie/FYP-Autonomous-Ground-Vehicles/PerceptionCorner/ws/install/zed_wrapper/share/zed_wrapper/local_setup.zsh
[3.839s] -- Symlinking: /home/nourstalgie/FYP-Autonomous-Ground-Vehicles/PerceptionCorner/ws/install/zed_wrapper/share/zed_wrapper/local_setup.dsv
[3.858s] -- Symlinking: /home/nourstalgie/FYP-Autonomous-Ground-Vehicles/PerceptionCorner/ws/install/zed_wrapper/share/zed_wrapper/package.dsv
[3.877s] -- Symlinking: /home/nourstalgie/FYP-Autonomous-Ground-Vehicles/PerceptionCorner/ws/install/zed_wrapper/share/ament_index/resource_index/packages/zed_wrapper
[3.902s] -- Symlinking: /home/nourstalgie/FYP-Autonomous-Ground-Vehicles/PerceptionCorner/ws/install/zed_wrapper/share/zed_wrapper/cmake/zed_wrapperConfig.cmake
[3.921s] -- Symlinking: /home/nourstalgie/FYP-Autonomous-Ground-Vehicles/PerceptionCorner/ws/install/zed_wrapper/share/zed_wrapper/cmake/zed_wrapperConfig-version.cmake
[3.939s] -- Symlinking: /home/nourstalgie/FYP-Autonomous-Ground-Vehicles/PerceptionCorner/ws/install/zed_wrapper/share/zed_wrapper/package.xml
[3.963s] Invoked command in '/home/nourstalgie/FYP-Autonomous-Ground-Vehicles/PerceptionCorner/ws/build/zed_wrapper' returned '0': AMENT_PREFIX_PATH=/home/nourstalgie/FYP-Autonomous-Ground-Vehicles/PerceptionCorner/ws/install/zed_components:${AMENT_PREFIX_PATH} CMAKE_PREFIX_PATH=/home/nourstalgie/FYP-Autonomous-Ground-Vehicles/PerceptionCorner/ws/install/zed_components:/opt/ros/humble LD_LIBRARY_PATH=/home/nourstalgie/FYP-Autonomous-Ground-Vehicles/PerceptionCorner/ws/install/zed_components/lib:/opt/ros/humble/opt/rviz_ogre_vendor/lib:/opt/ros/humble/lib/aarch64-linux-gnu:/opt/ros/humble/lib:/usr/local/cuda-12.6/lib64 /usr/bin/cmake --install /home/nourstalgie/FYP-Autonomous-Ground-Vehicles/PerceptionCorner/ws/build/zed_wrapper
