[0.036s] Invoking command in '/home/nourstalgie/FYP-Autonomous-Ground-Vehicles/PerceptionCorner/ws/build/zed_components': CMAKE_PREFIX_PATH=${CMAKE_PREFIX_PATH}:/opt/ros/humble /usr/bin/cmake --build /home/nourstalgie/FYP-Autonomous-Ground-Vehicles/PerceptionCorner/ws/build/zed_components -- -j6 -l6
[0.186s] [35m[1mConsolidate compiler generated dependencies of target zed_camera_one_component[0m
[0.186s] [35m[1mConsolidate compiler generated dependencies of target zed_camera_component[0m
[0.295s] [ 70%] Built target zed_camera_one_component
[0.295s] [100%] Built target zed_camera_component
[0.651s] Invoked command in '/home/nourstalgie/FYP-Autonomous-Ground-Vehicles/PerceptionCorner/ws/build/zed_components' returned '0': CMAKE_PREFIX_PATH=${CMAKE_PREFIX_PATH}:/opt/ros/humble /usr/bin/cmake --build /home/nourstalgie/FYP-Autonomous-Ground-Vehicles/PerceptionCorner/ws/build/zed_components -- -j6 -l6
[0.675s] Invoking command in '/home/nourstalgie/FYP-Autonomous-Ground-Vehicles/PerceptionCorner/ws/build/zed_components': CMAKE_PREFIX_PATH=${CMAKE_PREFIX_PATH}:/opt/ros/humble /usr/bin/cmake --install /home/nourstalgie/FYP-Autonomous-Ground-Vehicles/PerceptionCorner/ws/build/zed_components
[0.692s] -- Install configuration: "Release"
[0.694s] -- Execute custom install script
[0.695s] -- Up-to-date symlink: /home/nourstalgie/FYP-Autonomous-Ground-Vehicles/PerceptionCorner/ws/install/zed_components/lib/libzed_camera_component.so
[0.695s] -- Up-to-date symlink: /home/nourstalgie/FYP-Autonomous-Ground-Vehicles/PerceptionCorner/ws/install/zed_components/lib/libzed_camera_one_component.so
[0.697s] -- Up-to-date symlink: /home/nourstalgie/FYP-Autonomous-Ground-Vehicles/PerceptionCorner/ws/install/zed_components/include/zed_components//cost_traversability.hpp
[0.698s] -- Up-to-date symlink: /home/nourstalgie/FYP-Autonomous-Ground-Vehicles/PerceptionCorner/ws/install/zed_components/include/zed_components//sl_types.hpp
[0.698s] -- Up-to-date symlink: /home/nourstalgie/FYP-Autonomous-Ground-Vehicles/PerceptionCorner/ws/install/zed_components/include/zed_components//zed_camera_component.hpp
[0.699s] -- Up-to-date symlink: /home/nourstalgie/FYP-Autonomous-Ground-Vehicles/PerceptionCorner/ws/install/zed_components/include/zed_components//zed_camera_one_component.hpp
[0.699s] -- Up-to-date symlink: /home/nourstalgie/FYP-Autonomous-Ground-Vehicles/PerceptionCorner/ws/install/zed_components/include/zed_components//gnss_replay.hpp
[0.700s] -- Up-to-date symlink: /home/nourstalgie/FYP-Autonomous-Ground-Vehicles/PerceptionCorner/ws/install/zed_components/include/zed_components//json.hpp
[0.700s] -- Up-to-date symlink: /home/nourstalgie/FYP-Autonomous-Ground-Vehicles/PerceptionCorner/ws/install/zed_components/include/zed_components//sl_logging.hpp
[0.701s] -- Up-to-date symlink: /home/nourstalgie/FYP-Autonomous-Ground-Vehicles/PerceptionCorner/ws/install/zed_components/include/zed_components//sl_tools.hpp
[0.701s] -- Up-to-date symlink: /home/nourstalgie/FYP-Autonomous-Ground-Vehicles/PerceptionCorner/ws/install/zed_components/include/zed_components//sl_win_avg.hpp
[0.701s] -- Up-to-date symlink: /home/nourstalgie/FYP-Autonomous-Ground-Vehicles/PerceptionCorner/ws/install/zed_components/include/zed_components//visibility_control.hpp
[0.702s] -- Up-to-date symlink: /home/nourstalgie/FYP-Autonomous-Ground-Vehicles/PerceptionCorner/ws/install/zed_components/share/zed_components/environment/library_path.sh
[0.702s] -- Up-to-date symlink: /home/nourstalgie/FYP-Autonomous-Ground-Vehicles/PerceptionCorner/ws/install/zed_components/share/zed_components/environment/library_path.dsv
[0.703s] -- Up-to-date symlink: /home/nourstalgie/FYP-Autonomous-Ground-Vehicles/PerceptionCorner/ws/install/zed_components/share/ament_index/resource_index/package_run_dependencies/zed_components
[0.703s] -- Up-to-date symlink: /home/nourstalgie/FYP-Autonomous-Ground-Vehicles/PerceptionCorner/ws/install/zed_components/share/ament_index/resource_index/parent_prefix_path/zed_components
[0.704s] -- Up-to-date symlink: /home/nourstalgie/FYP-Autonomous-Ground-Vehicles/PerceptionCorner/ws/install/zed_components/share/zed_components/environment/ament_prefix_path.sh
[0.704s] -- Up-to-date symlink: /home/nourstalgie/FYP-Autonomous-Ground-Vehicles/PerceptionCorner/ws/install/zed_components/share/zed_components/environment/ament_prefix_path.dsv
[0.705s] -- Up-to-date symlink: /home/nourstalgie/FYP-Autonomous-Ground-Vehicles/PerceptionCorner/ws/install/zed_components/share/zed_components/environment/path.sh
[0.705s] -- Up-to-date symlink: /home/nourstalgie/FYP-Autonomous-Ground-Vehicles/PerceptionCorner/ws/install/zed_components/share/zed_components/environment/path.dsv
[0.706s] -- Up-to-date symlink: /home/nourstalgie/FYP-Autonomous-Ground-Vehicles/PerceptionCorner/ws/install/zed_components/share/zed_components/local_setup.bash
[0.706s] -- Up-to-date symlink: /home/nourstalgie/FYP-Autonomous-Ground-Vehicles/PerceptionCorner/ws/install/zed_components/share/zed_components/local_setup.sh
[0.707s] -- Up-to-date symlink: /home/nourstalgie/FYP-Autonomous-Ground-Vehicles/PerceptionCorner/ws/install/zed_components/share/zed_components/local_setup.zsh
[0.707s] -- Up-to-date symlink: /home/nourstalgie/FYP-Autonomous-Ground-Vehicles/PerceptionCorner/ws/install/zed_components/share/zed_components/local_setup.dsv
[0.707s] -- Symlinking: /home/nourstalgie/FYP-Autonomous-Ground-Vehicles/PerceptionCorner/ws/install/zed_components/share/zed_components/package.dsv
[0.728s] -- Up-to-date symlink: /home/nourstalgie/FYP-Autonomous-Ground-Vehicles/PerceptionCorner/ws/install/zed_components/share/ament_index/resource_index/packages/zed_components
[0.728s] -- Up-to-date symlink: /home/nourstalgie/FYP-Autonomous-Ground-Vehicles/PerceptionCorner/ws/install/zed_components/share/ament_index/resource_index/rclcpp_components/zed_components
[0.729s] -- Up-to-date symlink: /home/nourstalgie/FYP-Autonomous-Ground-Vehicles/PerceptionCorner/ws/install/zed_components/share/zed_components/cmake/ament_cmake_export_include_directories-extras.cmake
[0.729s] -- Up-to-date symlink: /home/nourstalgie/FYP-Autonomous-Ground-Vehicles/PerceptionCorner/ws/install/zed_components/share/zed_components/cmake/ament_cmake_export_libraries-extras.cmake
[0.730s] -- Up-to-date symlink: /home/nourstalgie/FYP-Autonomous-Ground-Vehicles/PerceptionCorner/ws/install/zed_components/share/zed_components/cmake/ament_cmake_export_dependencies-extras.cmake
[0.730s] -- Up-to-date symlink: /home/nourstalgie/FYP-Autonomous-Ground-Vehicles/PerceptionCorner/ws/install/zed_components/share/zed_components/cmake/zed_componentsConfig.cmake
[0.731s] -- Up-to-date symlink: /home/nourstalgie/FYP-Autonomous-Ground-Vehicles/PerceptionCorner/ws/install/zed_components/share/zed_components/cmake/zed_componentsConfig-version.cmake
[0.731s] -- Up-to-date symlink: /home/nourstalgie/FYP-Autonomous-Ground-Vehicles/PerceptionCorner/ws/install/zed_components/share/zed_components/package.xml
[0.736s] Invoked command in '/home/nourstalgie/FYP-Autonomous-Ground-Vehicles/PerceptionCorner/ws/build/zed_components' returned '0': CMAKE_PREFIX_PATH=${CMAKE_PREFIX_PATH}:/opt/ros/humble /usr/bin/cmake --install /home/nourstalgie/FYP-Autonomous-Ground-Vehicles/PerceptionCorner/ws/build/zed_components
